<?xml version="1.0" encoding="UTF-8"?>
<!-- Generated by org.testng.reporters.JUnitXMLReporter -->
<testsuite ignored="0" hostname="PriyaP-PC" failures="0" tests="8" name="Default test" time="79.177" errors="0" timestamp="2026-01-17T14:12:30 IST">
  <testcase classname="ReportsTestCases.CardPoolReportTest" name="TS0118" time="9.259"/>
  <testcase classname="ReportsTestCases.CardPoolReportTest" name="TS0119" time="6.365"/>
  <testcase classname="ReportsTestCases.CardPoolReportTest" name="TS0120" time="6.395"/>
  <testcase classname="ReportsTestCases.CardPoolReportTest" name="TS0121" time="6.321"/>
  <testcase classname="ReportsTestCases.CardPoolReportTest" name="TS0122" time="6.329"/>
  <testcase classname="ReportsTestCases.CardPoolReportTest" name="TS0123" time="6.285"/>
  <testcase classname="ReportsTestCases.CardPoolReportTest" name="TS0125" time="12.281"/>
  <testcase classname="ReportsTestCases.CardPoolReportTest" name="TS0126" time="12.265"/>
</testsuite> <!-- Default test -->
