<?xml version="1.0" encoding="UTF-8"?>
<testng-results ignored="0" total="1" passed="1" failed="0" skipped="0">
  <reporter-output>
  </reporter-output>
  <suite started-at="2025-11-01T12:45:55 IST" name="Default suite" finished-at="2025-11-01T12:45:58 IST" duration-ms="3950">
    <groups>
    </groups>
    <test started-at="2025-11-01T12:45:55 IST" name="Default test" finished-at="2025-11-01T12:45:58 IST" duration-ms="3950">
      <class name="MasterTest.DepartmentTest">
        <test-method is-config="true" signature="setup()[pri:0, instance:MasterTest.DepartmentTest@15043a2f]" started-at="2025-11-01T12:45:55 IST" name="setup" finished-at="2025-11-01T12:45:57 IST" duration-ms="2204" status="PASS">
          <reporter-output>
          </reporter-output>
        </test-method> <!-- setup -->
        <test-method signature="TS0047()[pri:9, instance:MasterTest.DepartmentTest@15043a2f]" started-at="2025-11-01T12:45:57 IST" name="TS0047" finished-at="2025-11-01T12:45:58 IST" duration-ms="1580" status="PASS">
          <reporter-output>
          </reporter-output>
        </test-method> <!-- TS0047 -->
        <test-method is-config="true" signature="teardown()[pri:0, instance:MasterTest.DepartmentTest@15043a2f]" started-at="2025-11-01T12:45:58 IST" name="teardown" finished-at="2025-11-01T12:45:58 IST" duration-ms="137" status="PASS">
          <reporter-output>
          </reporter-output>
        </test-method> <!-- teardown -->
      </class> <!-- MasterTest.DepartmentTest -->
    </test> <!-- Default test -->
  </suite> <!-- Default suite -->
</testng-results>
