<?xml version="1.0" encoding="UTF-8"?>
<testng-results ignored="0" total="1" passed="1" failed="0" skipped="0">
  <reporter-output>
  </reporter-output>
  <suite started-at="2025-10-16T17:19:59 IST" name="Default suite" finished-at="2025-10-16T17:20:14 IST" duration-ms="15821">
    <groups>
    </groups>
    <test started-at="2025-10-16T17:19:59 IST" name="Default test" finished-at="2025-10-16T17:20:14 IST" duration-ms="15821">
      <class name="MasterTest.OrganizationTest">
        <test-method is-config="true" signature="setup()[pri:0, instance:MasterTest.OrganizationTest@1c5920df]" started-at="2025-10-16T17:19:59 IST" name="setup" finished-at="2025-10-16T17:20:01 IST" duration-ms="2139" status="PASS">
          <reporter-output>
          </reporter-output>
        </test-method> <!-- setup -->
        <test-method signature="AddOrganization()[pri:1, instance:MasterTest.OrganizationTest@1c5920df]" started-at="2025-10-16T17:20:01 IST" name="AddOrganization" finished-at="2025-10-16T17:20:14 IST" duration-ms="13490" status="PASS">
          <reporter-output>
          </reporter-output>
        </test-method> <!-- AddOrganization -->
        <test-method is-config="true" signature="tearDown()[pri:0, instance:MasterTest.OrganizationTest@1c5920df]" started-at="2025-10-16T17:20:14 IST" name="tearDown" finished-at="2025-10-16T17:20:14 IST" duration-ms="160" status="PASS">
          <reporter-output>
          </reporter-output>
        </test-method> <!-- tearDown -->
      </class> <!-- MasterTest.OrganizationTest -->
    </test> <!-- Default test -->
  </suite> <!-- Default suite -->
</testng-results>
