<?xml version="1.0" encoding="UTF-8"?>
<testng-results ignored="0" total="1" passed="1" failed="0" skipped="0">
  <reporter-output>
  </reporter-output>
  <suite started-at="2025-09-24T15:23:30 PDT" name="Default suite" finished-at="2025-09-24T15:23:45 PDT" duration-ms="14856">
    <groups>
    </groups>
    <test started-at="2025-09-24T15:23:30 PDT" name="Default test" finished-at="2025-09-24T15:23:45 PDT" duration-ms="14856">
      <class name="MasterTest.LocationTest">
        <test-method is-config="true" signature="setup()[pri:0, instance:MasterTest.LocationTest@33065d67]" started-at="2025-09-24T15:23:30 PDT" name="setup" finished-at="2025-09-24T15:23:32 PDT" duration-ms="2296" status="PASS">
          <reporter-output>
          </reporter-output>
        </test-method> <!-- setup -->
        <test-method signature="TS0008()[pri:8, instance:MasterTest.LocationTest@33065d67]" started-at="2025-09-24T15:23:32 PDT" name="TS0008" finished-at="2025-09-24T15:23:44 PDT" duration-ms="12329" status="PASS">
          <reporter-output>
          </reporter-output>
        </test-method> <!-- TS0008 -->
        <test-method is-config="true" signature="teardown()[pri:0, instance:MasterTest.LocationTest@33065d67]" started-at="2025-09-24T15:23:44 PDT" name="teardown" finished-at="2025-09-24T15:23:45 PDT" duration-ms="192" status="PASS">
          <reporter-output>
          </reporter-output>
        </test-method> <!-- teardown -->
      </class> <!-- MasterTest.LocationTest -->
    </test> <!-- Default test -->
  </suite> <!-- Default suite -->
</testng-results>
