<?xml version="1.0" encoding="UTF-8"?>
<testng-results ignored="0" total="1" passed="1" failed="0" skipped="0">
  <reporter-output>
  </reporter-output>
  <suite started-at="2025-12-04T16:16:04 IST" name="Default suite" finished-at="2025-12-04T16:16:13 IST" duration-ms="9265">
    <groups>
    </groups>
    <test started-at="2025-12-04T16:16:04 IST" name="Default test" finished-at="2025-12-04T16:16:13 IST" duration-ms="9265">
      <class name="ReportsTestCases.EmployeeActiveStatusTest">
        <test-method is-config="true" signature="Login()[pri:0, instance:ReportsTestCases.EmployeeActiveStatusTest@4c60d6e9]" started-at="2025-12-04T16:16:04 IST" name="Login" finished-at="2025-12-04T16:16:07 IST" duration-ms="3156" status="PASS">
          <reporter-output>
          </reporter-output>
        </test-method> <!-- Login -->
        <test-method signature="TS0131()[pri:5, instance:ReportsTestCases.EmployeeActiveStatusTest@4c60d6e9]" started-at="2025-12-04T16:16:07 IST" name="TS0131" finished-at="2025-12-04T16:16:13 IST" duration-ms="5836" status="PASS">
          <reporter-output>
          </reporter-output>
        </test-method> <!-- TS0131 -->
        <test-method is-config="true" signature="TearDown()[pri:0, instance:ReportsTestCases.EmployeeActiveStatusTest@4c60d6e9]" started-at="2025-12-04T16:16:13 IST" name="TearDown" finished-at="2025-12-04T16:16:13 IST" duration-ms="205" status="PASS">
          <reporter-output>
          </reporter-output>
        </test-method> <!-- TearDown -->
      </class> <!-- ReportsTestCases.EmployeeActiveStatusTest -->
    </test> <!-- Default test -->
  </suite> <!-- Default suite -->
</testng-results>
