<?xml version="1.0" encoding="UTF-8"?>
<testng-results ignored="0" total="1" passed="1" failed="0" skipped="0">
  <reporter-output>
  </reporter-output>
  <suite started-at="2025-11-11T12:31:30 IST" name="Default suite" finished-at="2025-11-11T12:31:38 IST" duration-ms="8257">
    <groups>
    </groups>
    <test started-at="2025-11-11T12:31:30 IST" name="Default test" finished-at="2025-11-11T12:31:38 IST" duration-ms="8257">
      <class name="ReportsTestCases.DepartmentReportTest">
        <test-method is-config="true" signature="Login()[pri:0, instance:ReportsTestCases.DepartmentReportTest@17f9d882]" started-at="2025-11-11T12:31:30 IST" name="Login" finished-at="2025-11-11T12:31:33 IST" duration-ms="2841" status="PASS">
          <reporter-output>
          </reporter-output>
        </test-method> <!-- Login -->
        <test-method signature="TS0103()[pri:4, instance:ReportsTestCases.DepartmentReportTest@17f9d882]" started-at="2025-11-11T12:31:33 IST" name="TS0103" finished-at="2025-11-11T12:31:38 IST" duration-ms="5205" status="PASS">
          <reporter-output>
          </reporter-output>
        </test-method> <!-- TS0103 -->
        <test-method is-config="true" signature="tearDown()[pri:0, instance:ReportsTestCases.DepartmentReportTest@17f9d882]" started-at="2025-11-11T12:31:38 IST" name="tearDown" finished-at="2025-11-11T12:31:38 IST" duration-ms="172" status="PASS">
          <reporter-output>
          </reporter-output>
        </test-method> <!-- tearDown -->
      </class> <!-- ReportsTestCases.DepartmentReportTest -->
    </test> <!-- Default test -->
  </suite> <!-- Default suite -->
</testng-results>
