<?xml version="1.0" encoding="UTF-8"?>
<testng-results ignored="0" total="1" passed="1" failed="0" skipped="0">
  <reporter-output>
  </reporter-output>
  <suite started-at="2025-11-03T16:29:47 IST" name="Default suite" finished-at="2025-11-03T16:29:56 IST" duration-ms="8590">
    <groups>
    </groups>
    <test started-at="2025-11-03T16:29:47 IST" name="Default test" finished-at="2025-11-03T16:29:56 IST" duration-ms="8590">
      <class name="MasterTest.SubDepartmentTest">
        <test-method is-config="true" signature="login()[pri:0, instance:MasterTest.SubDepartmentTest@17f9d882]" started-at="2025-11-03T16:29:47 IST" name="login" finished-at="2025-11-03T16:29:50 IST" duration-ms="2868" status="PASS">
          <reporter-output>
          </reporter-output>
        </test-method> <!-- login -->
        <test-method signature="UpdateDepartment()[pri:4, instance:MasterTest.SubDepartmentTest@17f9d882]" started-at="2025-11-03T16:29:50 IST" name="UpdateDepartment" finished-at="2025-11-03T16:29:56 IST" duration-ms="5531" status="PASS">
          <reporter-output>
          </reporter-output>
        </test-method> <!-- UpdateDepartment -->
        <test-method is-config="true" signature="Logout()[pri:0, instance:MasterTest.SubDepartmentTest@17f9d882]" started-at="2025-11-03T16:29:56 IST" name="Logout" finished-at="2025-11-03T16:29:56 IST" duration-ms="149" status="PASS">
          <reporter-output>
          </reporter-output>
        </test-method> <!-- Logout -->
      </class> <!-- MasterTest.SubDepartmentTest -->
    </test> <!-- Default test -->
  </suite> <!-- Default suite -->
</testng-results>
