<?xml version="1.0" encoding="UTF-8"?>
<testng-results ignored="0" total="1" passed="1" failed="0" skipped="0">
  <reporter-output>
  </reporter-output>
  <suite started-at="2025-11-05T17:30:19 IST" name="Default suite" finished-at="2025-11-05T17:30:34 IST" duration-ms="15390">
    <groups>
    </groups>
    <test started-at="2025-11-05T17:30:19 IST" name="Default test" finished-at="2025-11-05T17:30:34 IST" duration-ms="15390">
      <class name="MasterTest.CityTest">
        <test-method is-config="true" signature="login()[pri:0, instance:MasterTest.CityTest@196a42c3]" started-at="2025-11-05T17:30:19 IST" name="login" finished-at="2025-11-05T17:30:21 IST" duration-ms="2394" status="PASS">
          <reporter-output>
          </reporter-output>
        </test-method> <!-- login -->
        <test-method signature="TS0088()[pri:7, instance:MasterTest.CityTest@196a42c3]" started-at="2025-11-05T17:30:21 IST" name="TS0088" finished-at="2025-11-05T17:30:34 IST" duration-ms="12780" status="PASS">
          <reporter-output>
          </reporter-output>
        </test-method> <!-- TS0088 -->
        <test-method is-config="true" signature="teardown()[pri:0, instance:MasterTest.CityTest@196a42c3]" started-at="2025-11-05T17:30:34 IST" name="teardown" finished-at="2025-11-05T17:30:34 IST" duration-ms="171" status="PASS">
          <reporter-output>
          </reporter-output>
        </test-method> <!-- teardown -->
      </class> <!-- MasterTest.CityTest -->
    </test> <!-- Default test -->
  </suite> <!-- Default suite -->
</testng-results>
