<?xml version="1.0" encoding="UTF-8"?>
<testng-results ignored="0" total="1" passed="1" failed="0" skipped="0">
  <reporter-output>
  </reporter-output>
  <suite started-at="2025-11-10T14:55:18 IST" name="Default suite" finished-at="2025-11-10T14:55:31 IST" duration-ms="12940">
    <groups>
    </groups>
    <test started-at="2025-11-10T14:55:18 IST" name="Default test" finished-at="2025-11-10T14:55:31 IST" duration-ms="12940">
      <class name="ReportsTestCases.OrganizationReportTest">
        <test-method is-config="true" signature="Login()[pri:0, instance:ReportsTestCases.OrganizationReportTest@17f9d882]" started-at="2025-11-10T14:55:18 IST" name="Login" finished-at="2025-11-10T14:55:22 IST" duration-ms="3726" status="PASS">
          <reporter-output>
          </reporter-output>
        </test-method> <!-- Login -->
        <test-method signature="ReportOrganization()[pri:4, instance:ReportsTestCases.OrganizationReportTest@17f9d882]" started-at="2025-11-10T14:55:22 IST" name="ReportOrganization" finished-at="2025-11-10T14:55:31 IST" duration-ms="8912" status="PASS">
          <reporter-output>
          </reporter-output>
        </test-method> <!-- ReportOrganization -->
        <test-method is-config="true" signature="TearDown()[pri:0, instance:ReportsTestCases.OrganizationReportTest@17f9d882]" started-at="2025-11-10T14:55:31 IST" name="TearDown" finished-at="2025-11-10T14:55:31 IST" duration-ms="219" status="PASS">
          <reporter-output>
          </reporter-output>
        </test-method> <!-- TearDown -->
      </class> <!-- ReportsTestCases.OrganizationReportTest -->
    </test> <!-- Default test -->
  </suite> <!-- Default suite -->
</testng-results>
