<?xml version="1.0" encoding="UTF-8"?>
<testng-results ignored="0" total="1" passed="1" failed="0" skipped="0">
  <reporter-output>
  </reporter-output>
  <suite started-at="2025-10-24T15:59:09 IST" name="Default suite" finished-at="2025-10-24T15:59:24 IST" duration-ms="15093">
    <groups>
    </groups>
    <test started-at="2025-10-24T15:59:09 IST" name="Default test" finished-at="2025-10-24T15:59:24 IST" duration-ms="15093">
      <class name="MasterTest.OrganizationTest">
        <test-method is-config="true" signature="setup()[pri:0, instance:MasterTest.OrganizationTest@196a42c3]" started-at="2025-10-24T15:59:09 IST" name="setup" finished-at="2025-10-24T15:59:12 IST" duration-ms="2727" status="PASS">
          <reporter-output>
          </reporter-output>
        </test-method> <!-- setup -->
        <test-method signature="TS0023()[pri:5, instance:MasterTest.OrganizationTest@196a42c3]" started-at="2025-10-24T15:59:12 IST" name="TS0023" finished-at="2025-10-24T15:59:24 IST" duration-ms="12150" status="PASS">
          <reporter-output>
          </reporter-output>
        </test-method> <!-- TS0023 -->
        <test-method is-config="true" signature="tearDown()[pri:0, instance:MasterTest.OrganizationTest@196a42c3]" started-at="2025-10-24T15:59:24 IST" name="tearDown" finished-at="2025-10-24T15:59:24 IST" duration-ms="162" status="PASS">
          <reporter-output>
          </reporter-output>
        </test-method> <!-- tearDown -->
      </class> <!-- MasterTest.OrganizationTest -->
    </test> <!-- Default test -->
  </suite> <!-- Default suite -->
</testng-results>
