<!DOCTYPE html PUBLIC "-//W3C//DTD XHTML 1.1//EN" "https://www.w3.org/TR/xhtml11/DTD/xhtml11.dtd">
<html xmlns="https://www.w3.org/1999/xhtml">
<head>
<meta http-equiv="content-type" content="text/html; charset=UTF-8"/>
<title>TestNG Report</title>
<style type="text/css">table {margin-bottom:10px;border-collapse:collapse;empty-cells:show}th,td {border:1px solid #009;padding:.25em .5em}th {vertical-align:bottom}td {vertical-align:top}table a {font-weight:bold}.stripe td {background-color: #E6EBF9}.num {text-align:right}.passedodd td {background-color: #3F3}.passedeven td {background-color: #0A0}.skippedodd td {background-color: #DDD}.skippedeven td {background-color: #CCC}.failedodd td,.attn {background-color: #F33}.failedeven td,.stripe .attn {background-color: #D00}.stacktrace {white-space:pre;font-family:monospace}.totop {font-size:85%;text-align:center;border-bottom:2px solid #000}.invisible {display:none}</style>
</head>
<body>
<table>
<tr><th>Test</th><th># Passed</th><th># Skipped</th><th># Retried</th><th># Failed</th><th>Time (ms)</th><th>Included Groups</th><th>Excluded Groups</th></tr>
<tr><th colspan="8">regression Test Suite</th></tr>
<tr><td><a href="#t0">Run All regression Tests</a></td><td class="num">14</td><td class="num">0</td><td class="num">0</td><td class="num attn">6</td><td class="num">162,346</td><td>regression</td><td></td></tr>
</table>
<table id='summary'><thead><tr><th>Class</th><th>Method</th><th>Start</th><th>Time (ms)</th></tr></thead><tbody><tr><th colspan="4">regression Test Suite</th></tr></tbody><tbody id="t0"><tr><th colspan="4">Run All regression Tests &#8212; failed</th></tr><tr class="failedeven"><td rowspan="2">AdministrationTest.UserTest</td><td><a href="#m0">TS0197</a></td><td rowspan="1">1768647310762</td><td rowspan="1">6729</td></tr><tr class="failedeven"><td><a href="#m1">TS0198</a></td><td rowspan="1">1768647319036</td><td rowspan="1">6063</td></tr><tr class="failedodd"><td rowspan="1">ExternalEmployeeTest.ExternalEmployeeTest</td><td><a href="#m2">AddExternalEmp</a></td><td rowspan="1">1768647252081</td><td rowspan="1">27</td></tr><tr class="failedeven"><td rowspan="1">MasterTest.CityTest</td><td><a href="#m3">TS0087</a></td><td rowspan="1">1768647261582</td><td rowspan="1">7408</td></tr><tr class="failedodd"><td rowspan="1">MasterTest.DivisionTest</td><td><a href="#m4">TS0031</a></td><td rowspan="1">1768647332961</td><td rowspan="1">6961</td></tr><tr class="failedeven"><td rowspan="1">MasterTest.OrganizationTest</td><td><a href="#m5">TS0019</a></td><td rowspan="1">1768647382287</td><td rowspan="1">14590</td></tr><tr><th colspan="4">Run All regression Tests &#8212; passed</th></tr><tr class="passedeven"><td rowspan="3">AdministrationTest.UserTest</td><td><a href="#m6">TS0194</a></td><td rowspan="1">1768647274669</td><td rowspan="1">12856</td></tr><tr class="passedeven"><td><a href="#m7">TS0195</a></td><td rowspan="1">1768647289146</td><td rowspan="1">13573</td></tr><tr class="passedeven"><td><a href="#m8">TS0196</a></td><td rowspan="1">1768647305136</td><td rowspan="1">4034</td></tr><tr class="passedodd"><td rowspan="3">MasterTest.CityTest</td><td><a href="#m9">TS0083</a></td><td rowspan="1">1768647253968</td><td rowspan="1">2889</td></tr><tr class="passedodd"><td><a href="#m10">TS0086</a></td><td rowspan="1">1768647258376</td><td rowspan="1">1578</td></tr><tr class="passedodd"><td><a href="#m11">TS0088</a></td><td rowspan="1">1768647270624</td><td rowspan="1">2397</td></tr><tr class="passedeven"><td rowspan="1">MasterTest.DesginationTest</td><td><a href="#m12">TS0064</a></td><td rowspan="1">1768647326624</td><td rowspan="1">4767</td></tr><tr class="passedodd"><td rowspan="4">MasterTest.DivisionTest</td><td><a href="#m13">TS0032</a></td><td rowspan="1">1768647341422</td><td rowspan="1">4689</td></tr><tr class="passedodd"><td><a href="#m14">TS0033</a></td><td rowspan="1">1768647347690</td><td rowspan="1">5273</td></tr><tr class="passedodd"><td><a href="#m15">TS0034</a></td><td rowspan="1">1768647354568</td><td rowspan="1">11365</td></tr><tr class="passedodd"><td><a href="#m16">TS0035</a></td><td rowspan="1">1768647367617</td><td rowspan="1">11563</td></tr><tr class="passedeven"><td rowspan="1">MasterTest.OrganizationTest</td><td><a href="#m17">TS0027</a></td><td rowspan="1">1768647398487</td><td rowspan="1">3602</td></tr><tr class="passedodd"><td rowspan="2">MasterTest.SubDepartmentTest</td><td><a href="#m18">TS0053</a></td><td rowspan="1">1768647403808</td><td rowspan="1">1680</td></tr><tr class="passedodd"><td><a href="#m19">TS0058</a></td><td rowspan="1">1768647407062</td><td rowspan="1">1556</td></tr></tbody>
</table>
<h2>Run All regression Tests</h2><h3 id="m0">AdministrationTest.UserTest#TS0197</h3><table class="result"><tr><th>Exception</th></tr><tr><td><div class="stacktrace">org.openqa.selenium.ElementNotInteractableException: element not interactable
  (Session info: chrome=143.0.7499.193)
Build info: version: &apos;4.27.0&apos;, revision: &apos;d6e718d134&apos;
System info: os.name: &apos;Windows 10&apos;, os.arch: &apos;amd64&apos;, os.version: &apos;10.0&apos;, java.version: &apos;17.0.16&apos;
Driver info: org.openqa.selenium.chrome.ChromeDriver
Command: [8f454b34470668e819bdbc6ba846a775, sendKeysToElement {id=f.922B74C219B0F0EA0E47E50F91F55CD4.d.F4D6E5CD43803B7A1F183580C12E82EB.e.66, value=[Ljava.lang.CharSequence;@251a90ce}]
Capabilities {acceptInsecureCerts: false, browserName: chrome, browserVersion: 143.0.7499.193, chrome: {chromedriverVersion: 143.0.7499.192 (be2c1f4fd45..., userDataDir: C:\Users\test2\AppData\Loca...}, fedcm:accounts: true, goog:chromeOptions: {debuggerAddress: localhost:60953}, goog:processID: 9972, networkConnectionEnabled: false, pageLoadStrategy: normal, platformName: windows, proxy: Proxy(), se:cdp: ws://localhost:60953/devtoo..., se:cdpVersion: 143.0.7499.193, setWindowRect: true, strictFileInteractability: false, timeouts: {implicit: 0, pageLoad: 300000, script: 30000}, unhandledPromptBehavior: dismiss and notify, webauthn:extension:credBlob: true, webauthn:extension:largeBlob: true, webauthn:extension:minPinLength: true, webauthn:extension:prf: true, webauthn:virtualAuthenticators: true}
Element: [[ChromeDriver: chrome on windows (8f454b34470668e819bdbc6ba846a775)] -&gt; xpath: //input[@class=&apos;s-Serenity-QuickSearchInput s-QuickSearchInput&apos;]]
Session ID: 8f454b34470668e819bdbc6ba846a775
	at org.openqa.selenium.remote.ErrorCodec.decode(ErrorCodec.java:167)
	at org.openqa.selenium.remote.codec.w3c.W3CHttpResponseCodec.decode(W3CHttpResponseCodec.java:138)
	at org.openqa.selenium.remote.codec.w3c.W3CHttpResponseCodec.decode(W3CHttpResponseCodec.java:50)
	at org.openqa.selenium.remote.HttpCommandExecutor.execute(HttpCommandExecutor.java:190)
	at org.openqa.selenium.remote.service.DriverCommandExecutor.invokeExecute(DriverCommandExecutor.java:216)
	at org.openqa.selenium.remote.service.DriverCommandExecutor.execute(DriverCommandExecutor.java:174)
	at org.openqa.selenium.remote.RemoteWebDriver.execute(RemoteWebDriver.java:545)
	at org.openqa.selenium.remote.RemoteWebElement.execute(RemoteWebElement.java:223)
	at org.openqa.selenium.remote.RemoteWebElement.sendKeys(RemoteWebElement.java:110)
	at org.openqa.selenium.support.pagefactory.internal.LocatingElementHandler.invoke(LocatingElementHandler.java:51)
	at jdk.proxy2/jdk.proxy2.$Proxy28.sendKeys(Unknown Source)
	at AdministrationPage.UserPage.updateUserForm(UserPage.java:280)
	at AdministrationTest.UserTest.TS0197(UserTest.java:49)
	at java.base/java.util.ArrayList.forEach(ArrayList.java:1511)
... Removed 35 stack frames</div></td></tr></table><p class="totop"><a href="#summary">back to summary</a></p>
<h3 id="m1">AdministrationTest.UserTest#TS0198</h3><table class="result"><tr><th>Exception</th></tr><tr><td><div class="stacktrace">java.lang.AssertionError: User deletion failed expected [false] but found [true]
	at AdministrationPage.UserPage.DeleteUser(UserPage.java:331)
	at AdministrationTest.UserTest.TS0198(UserTest.java:55)
	at java.base/java.util.ArrayList.forEach(ArrayList.java:1511)
... Removed 30 stack frames</div></td></tr></table><p class="totop"><a href="#summary">back to summary</a></p>
<h3 id="m2">ExternalEmployeeTest.ExternalEmployeeTest#AddExternalEmp</h3><table class="result"><tr><th>Exception</th></tr><tr><td><div class="stacktrace">java.lang.NullPointerException: Cannot invoke &quot;ExternalEmployeePage.ExternalEmoployees.AddEMP(String, String, String, String, String, String, String, String, String, String, String, String, String, String, String, String, String, String, String, String, String, String, String, String, String, String, String, String)&quot; because &quot;this.EP&quot; is null
	at ExternalEmployeeTest.ExternalEmployeeTest.AddExternalEmp(ExternalEmployeeTest.java:72)
	at java.base/java.util.ArrayList.forEach(ArrayList.java:1511)
... Removed 27 stack frames</div></td></tr></table><p class="totop"><a href="#summary">back to summary</a></p>
<h3 id="m3">MasterTest.CityTest#TS0087</h3><table class="result"><tr><th>Exception</th></tr><tr><td><div class="stacktrace">java.lang.AssertionError: City found in search in other company expected [false] but found [true]
	at MasterPage.CityPage.VerifyAccrossCompanies(CityPage.java:207)
	at MasterTest.CityTest.TS0087(CityTest.java:71)
	at java.base/java.util.ArrayList.forEach(ArrayList.java:1511)
... Removed 30 stack frames</div></td></tr></table><p class="totop"><a href="#summary">back to summary</a></p>
<h3 id="m4">MasterTest.DivisionTest#TS0031</h3><table class="result"><tr><th>Exception</th></tr><tr><td><div class="stacktrace">java.lang.AssertionError: expected [true] but found [false]
	at MasterPage.DivisionPage.AddDivision(DivisionPage.java:145)
	at MasterTest.DivisionTest.TS0031(DivisionTest.java:40)
	at java.base/java.util.ArrayList.forEach(ArrayList.java:1511)
... Removed 31 stack frames</div></td></tr></table><p class="totop"><a href="#summary">back to summary</a></p>
<h3 id="m5">MasterTest.OrganizationTest#TS0019</h3><table class="result"><tr><th>Exception</th></tr><tr><td><div class="stacktrace">org.openqa.selenium.NoSuchElementException: no such element: Unable to locate element: {&quot;method&quot;:&quot;xpath&quot;,&quot;selector&quot;:&quot;//span[@id=&apos;select2-chosen-2&apos;]&quot;}
  (Session info: chrome=143.0.7499.193)
For documentation on this error, please visit: https://www.selenium.dev/documentation/webdriver/troubleshooting/errors#no-such-element-exception
Build info: version: &apos;4.27.0&apos;, revision: &apos;d6e718d134&apos;
System info: os.name: &apos;Windows 10&apos;, os.arch: &apos;amd64&apos;, os.version: &apos;10.0&apos;, java.version: &apos;17.0.16&apos;
Driver info: org.openqa.selenium.chrome.ChromeDriver
Command: [a6cebb1e4272c12aec8f2d127c211606, findElement {value=//span[@id=&apos;select2-chosen-2&apos;], using=xpath}]
Capabilities {acceptInsecureCerts: false, browserName: chrome, browserVersion: 143.0.7499.193, chrome: {chromedriverVersion: 143.0.7499.192 (be2c1f4fd45..., userDataDir: C:\Users\test2\AppData\Loca...}, fedcm:accounts: true, goog:chromeOptions: {debuggerAddress: localhost:61201}, goog:processID: 23472, networkConnectionEnabled: false, pageLoadStrategy: normal, platformName: windows, proxy: Proxy(), se:cdp: ws://localhost:61201/devtoo..., se:cdpVersion: 143.0.7499.193, setWindowRect: true, strictFileInteractability: false, timeouts: {implicit: 0, pageLoad: 300000, script: 30000}, unhandledPromptBehavior: dismiss and notify, webauthn:extension:credBlob: true, webauthn:extension:largeBlob: true, webauthn:extension:minPinLength: true, webauthn:extension:prf: true, webauthn:virtualAuthenticators: true}
Session ID: a6cebb1e4272c12aec8f2d127c211606
	at org.openqa.selenium.remote.ErrorCodec.decode(ErrorCodec.java:167)
	at org.openqa.selenium.remote.codec.w3c.W3CHttpResponseCodec.decode(W3CHttpResponseCodec.java:138)
	at org.openqa.selenium.remote.codec.w3c.W3CHttpResponseCodec.decode(W3CHttpResponseCodec.java:50)
	at org.openqa.selenium.remote.HttpCommandExecutor.execute(HttpCommandExecutor.java:190)
	at org.openqa.selenium.remote.service.DriverCommandExecutor.invokeExecute(DriverCommandExecutor.java:216)
	at org.openqa.selenium.remote.service.DriverCommandExecutor.execute(DriverCommandExecutor.java:174)
	at org.openqa.selenium.remote.RemoteWebDriver.execute(RemoteWebDriver.java:545)
	at org.openqa.selenium.remote.ElementLocation$ElementFinder$2.findElement(ElementLocation.java:165)
	at org.openqa.selenium.remote.ElementLocation.findElement(ElementLocation.java:59)
	at org.openqa.selenium.remote.RemoteWebDriver.findElement(RemoteWebDriver.java:368)
	at org.openqa.selenium.remote.RemoteWebDriver.findElement(RemoteWebDriver.java:362)
	at org.openqa.selenium.support.pagefactory.DefaultElementLocator.findElement(DefaultElementLocator.java:68)
	at org.openqa.selenium.support.pagefactory.internal.LocatingElementHandler.invoke(LocatingElementHandler.java:38)
	at jdk.proxy2/jdk.proxy2.$Proxy28.getText(Unknown Source)
	at MasterPage.OrganizationPage.viewOrg(OrganizationPage.java:261)
	at MasterTest.OrganizationTest.TS0019(OrganizationTest.java:52)
	at java.base/java.util.ArrayList.forEach(ArrayList.java:1511)
... Removed 32 stack frames</div></td></tr></table><p class="totop"><a href="#summary">back to summary</a></p>
<h3 id="m6">AdministrationTest.UserTest#TS0194</h3><table class="result"><tr><th class="invisible"/></tr></table><p class="totop"><a href="#summary">back to summary</a></p>
<h3 id="m7">AdministrationTest.UserTest#TS0195</h3><table class="result"><tr><th class="invisible"/></tr></table><p class="totop"><a href="#summary">back to summary</a></p>
<h3 id="m8">AdministrationTest.UserTest#TS0196</h3><table class="result"><tr><th class="invisible"/></tr></table><p class="totop"><a href="#summary">back to summary</a></p>
<h3 id="m9">MasterTest.CityTest#TS0083</h3><table class="result"><tr><th class="invisible"/></tr></table><p class="totop"><a href="#summary">back to summary</a></p>
<h3 id="m10">MasterTest.CityTest#TS0086</h3><table class="result"><tr><th class="invisible"/></tr></table><p class="totop"><a href="#summary">back to summary</a></p>
<h3 id="m11">MasterTest.CityTest#TS0088</h3><table class="result"><tr><th class="invisible"/></tr></table><p class="totop"><a href="#summary">back to summary</a></p>
<h3 id="m12">MasterTest.DesginationTest#TS0064</h3><table class="result"><tr><th class="invisible"/></tr></table><p class="totop"><a href="#summary">back to summary</a></p>
<h3 id="m13">MasterTest.DivisionTest#TS0032</h3><table class="result"><tr><th class="invisible"/></tr></table><p class="totop"><a href="#summary">back to summary</a></p>
<h3 id="m14">MasterTest.DivisionTest#TS0033</h3><table class="result"><tr><th class="invisible"/></tr></table><p class="totop"><a href="#summary">back to summary</a></p>
<h3 id="m15">MasterTest.DivisionTest#TS0034</h3><table class="result"><tr><th class="invisible"/></tr></table><p class="totop"><a href="#summary">back to summary</a></p>
<h3 id="m16">MasterTest.DivisionTest#TS0035</h3><table class="result"><tr><th class="invisible"/></tr></table><p class="totop"><a href="#summary">back to summary</a></p>
<h3 id="m17">MasterTest.OrganizationTest#TS0027</h3><table class="result"><tr><th class="invisible"/></tr></table><p class="totop"><a href="#summary">back to summary</a></p>
<h3 id="m18">MasterTest.SubDepartmentTest#TS0053</h3><table class="result"><tr><th class="invisible"/></tr></table><p class="totop"><a href="#summary">back to summary</a></p>
<h3 id="m19">MasterTest.SubDepartmentTest#TS0058</h3><table class="result"><tr><th class="invisible"/></tr></table><p class="totop"><a href="#summary">back to summary</a></p>
</body>
</html>
