<!DOCTYPE html>

<html>
  <head>
  <meta charset='utf-8'>
  <title>TestNG reports</title>

    <link type="text/css" href="testng-reports1.css" rel="stylesheet" id="ultra" />
    <link type="text/css" href="testng-reports.css" rel="stylesheet" id="retro" disabled="false"/>
    <script type="text/javascript" src="jquery-3.6.0.min.js"></script>
    <script type="text/javascript" src="testng-reports.js"></script>
    <script type="text/javascript" src="https://www.google.com/jsapi"></script>
    <script type='text/javascript'>
      google.load('visualization', '1', {packages:['table']});
      google.setOnLoadCallback(drawTable);
      var suiteTableInitFunctions = new Array();
      var suiteTableData = new Array();
    </script>
    <!--
      <script type="text/javascript" src="jquery-ui/js/jquery-ui-1.8.16.custom.min.js"></script>
     -->
  </head>

  <body>    <div class="top-banner-root">
      <span class="top-banner-title-font">Test results</span>
      <button id="button" class="button">Switch Retro Theme</button> <!-- button -->
      <br/>
      <span class="top-banner-font-1">1 suite, 6 failed tests</span>
    </div> <!-- top-banner-root -->
    <div class="navigator-root">
      <div class="navigator-suite-header">
        <span>All suites</span>
        <a href="#" title="Collapse/expand all the suites" class="collapse-all-link">
          <img src="collapseall.gif" class="collapse-all-icon">
          </img> <!-- collapse-all-icon -->
        </a> <!-- collapse-all-link -->
      </div> <!-- navigator-suite-header -->
      <div class="suite">
        <div class="rounded-window">
          <div class="suite-header light-rounded-window-top">
            <a href="#" panel-name="suite-regression_Test_Suite" class="navigator-link">
              <span class="suite-name border-failed">regression Test Suite</span>
            </a> <!-- navigator-link -->
          </div> <!-- suite-header light-rounded-window-top -->
          <div class="navigator-suite-content">
            <div class="suite-section-title">
              <span>Info</span>
            </div> <!-- suite-section-title -->
            <div class="suite-section-content">
              <ul>
                <li>
                  <a href="#" panel-name="test-xml-regression_Test_Suite" class="navigator-link ">
                    <span>D:\Priya\BSS_Automation_Files\Eclipse-Workspace\SmartISystems-BSS\SmartI-BSS\testng.xml</span>
                  </a> <!-- navigator-link  -->
                </li>
                <li>
                  <a href="#" panel-name="testlist-regression_Test_Suite" class="navigator-link ">
                    <span class="test-stats">1 test</span>
                  </a> <!-- navigator-link  -->
                </li>
                <li>
                  <a href="#" panel-name="group-regression_Test_Suite" class="navigator-link ">
                    <span>2 groups</span>
                  </a> <!-- navigator-link  -->
                </li>
                <li>
                  <a href="#" panel-name="times-regression_Test_Suite" class="navigator-link ">
                    <span>Times</span>
                  </a> <!-- navigator-link  -->
                </li>
                <li>
                  <a href="#" panel-name="reporter-regression_Test_Suite" class="navigator-link ">
                    <span>Reporter output</span>
                  </a> <!-- navigator-link  -->
                </li>
                <li>
                  <a href="#" panel-name="ignored-methods-regression_Test_Suite" class="navigator-link ">
                    <span>Ignored methods</span>
                  </a> <!-- navigator-link  -->
                </li>
                <li>
                  <a href="#" panel-name="chronological-regression_Test_Suite" class="navigator-link ">
                    <span>Chronological view</span>
                  </a> <!-- navigator-link  -->
                </li>
              </ul>
            </div> <!-- suite-section-content -->
            <div class="result-section">
              <div class="suite-section-title">
                <span>Results</span>
              </div> <!-- suite-section-title -->
              <div class="suite-section-content">
                <ul>
                  <li>
                    <span class="method-stats">20 methods, 6 failed,   14 passed</span>
                  </li>
                  <li>
                    <span class="method-list-title failed">Failed methods</span>
                    <span class="show-or-hide-methods failed">
                      <a href="#" panel-name="suite-regression_Test_Suite" class="hide-methods failed suite-regression_Test_Suite"> (hide)</a> <!-- hide-methods failed suite-regression_Test_Suite -->
                      <a href="#" panel-name="suite-regression_Test_Suite" class="show-methods failed suite-regression_Test_Suite"> (show)</a> <!-- show-methods failed suite-regression_Test_Suite -->
                    </span>
                    <div class="method-list-content failed suite-regression_Test_Suite">
                      <span>
                        <img src="failed.png" width="3%"/>
                        <a href="#" panel-name="suite-regression_Test_Suite" title="ExternalEmployeeTest.ExternalEmployeeTest" class="method navigator-link" hash-for-method="AddExternalEmp">AddExternalEmp</a> <!-- method navigator-link -->
                      </span>
                      <br/>
                      <span>
                        <img src="failed.png" width="3%"/>
                        <a href="#" panel-name="suite-regression_Test_Suite" title="MasterTest.OrganizationTest" class="method navigator-link" hash-for-method="TS0019">TS0019</a> <!-- method navigator-link -->
                      </span>
                      <br/>
                      <span>
                        <img src="failed.png" width="3%"/>
                        <a href="#" panel-name="suite-regression_Test_Suite" title="MasterTest.DivisionTest" class="method navigator-link" hash-for-method="TS0031">TS0031</a> <!-- method navigator-link -->
                      </span>
                      <br/>
                      <span>
                        <img src="failed.png" width="3%"/>
                        <a href="#" panel-name="suite-regression_Test_Suite" title="MasterTest.CityTest" class="method navigator-link" hash-for-method="TS0087">TS0087</a> <!-- method navigator-link -->
                      </span>
                      <br/>
                      <span>
                        <img src="failed.png" width="3%"/>
                        <a href="#" panel-name="suite-regression_Test_Suite" title="AdministrationTest.UserTest" class="method navigator-link" hash-for-method="TS0197">TS0197</a> <!-- method navigator-link -->
                      </span>
                      <br/>
                      <span>
                        <img src="failed.png" width="3%"/>
                        <a href="#" panel-name="suite-regression_Test_Suite" title="AdministrationTest.UserTest" class="method navigator-link" hash-for-method="TS0198">TS0198</a> <!-- method navigator-link -->
                      </span>
                      <br/>
                    </div> <!-- method-list-content failed suite-regression_Test_Suite -->
                  </li>
                  <li>
                    <span class="method-list-title passed">Passed methods</span>
                    <span class="show-or-hide-methods passed">
                      <a href="#" panel-name="suite-regression_Test_Suite" class="hide-methods passed suite-regression_Test_Suite"> (hide)</a> <!-- hide-methods passed suite-regression_Test_Suite -->
                      <a href="#" panel-name="suite-regression_Test_Suite" class="show-methods passed suite-regression_Test_Suite"> (show)</a> <!-- show-methods passed suite-regression_Test_Suite -->
                    </span>
                    <div class="method-list-content passed suite-regression_Test_Suite">
                      <span>
                        <img src="passed.png" width="3%"/>
                        <a href="#" panel-name="suite-regression_Test_Suite" title="MasterTest.OrganizationTest" class="method navigator-link" hash-for-method="TS0027">TS0027</a> <!-- method navigator-link -->
                      </span>
                      <br/>
                      <span>
                        <img src="passed.png" width="3%"/>
                        <a href="#" panel-name="suite-regression_Test_Suite" title="MasterTest.DivisionTest" class="method navigator-link" hash-for-method="TS0032">TS0032</a> <!-- method navigator-link -->
                      </span>
                      <br/>
                      <span>
                        <img src="passed.png" width="3%"/>
                        <a href="#" panel-name="suite-regression_Test_Suite" title="MasterTest.DivisionTest" class="method navigator-link" hash-for-method="TS0033">TS0033</a> <!-- method navigator-link -->
                      </span>
                      <br/>
                      <span>
                        <img src="passed.png" width="3%"/>
                        <a href="#" panel-name="suite-regression_Test_Suite" title="MasterTest.DivisionTest" class="method navigator-link" hash-for-method="TS0034">TS0034</a> <!-- method navigator-link -->
                      </span>
                      <br/>
                      <span>
                        <img src="passed.png" width="3%"/>
                        <a href="#" panel-name="suite-regression_Test_Suite" title="MasterTest.DivisionTest" class="method navigator-link" hash-for-method="TS0035">TS0035</a> <!-- method navigator-link -->
                      </span>
                      <br/>
                      <span>
                        <img src="passed.png" width="3%"/>
                        <a href="#" panel-name="suite-regression_Test_Suite" title="MasterTest.SubDepartmentTest" class="method navigator-link" hash-for-method="TS0053">TS0053</a> <!-- method navigator-link -->
                      </span>
                      <br/>
                      <span>
                        <img src="passed.png" width="3%"/>
                        <a href="#" panel-name="suite-regression_Test_Suite" title="MasterTest.SubDepartmentTest" class="method navigator-link" hash-for-method="TS0058">TS0058</a> <!-- method navigator-link -->
                      </span>
                      <br/>
                      <span>
                        <img src="passed.png" width="3%"/>
                        <a href="#" panel-name="suite-regression_Test_Suite" title="MasterTest.DesginationTest" class="method navigator-link" hash-for-method="TS0064">TS0064</a> <!-- method navigator-link -->
                      </span>
                      <br/>
                      <span>
                        <img src="passed.png" width="3%"/>
                        <a href="#" panel-name="suite-regression_Test_Suite" title="MasterTest.CityTest" class="method navigator-link" hash-for-method="TS0083">TS0083</a> <!-- method navigator-link -->
                      </span>
                      <br/>
                      <span>
                        <img src="passed.png" width="3%"/>
                        <a href="#" panel-name="suite-regression_Test_Suite" title="MasterTest.CityTest" class="method navigator-link" hash-for-method="TS0086">TS0086</a> <!-- method navigator-link -->
                      </span>
                      <br/>
                      <span>
                        <img src="passed.png" width="3%"/>
                        <a href="#" panel-name="suite-regression_Test_Suite" title="MasterTest.CityTest" class="method navigator-link" hash-for-method="TS0088">TS0088</a> <!-- method navigator-link -->
                      </span>
                      <br/>
                      <span>
                        <img src="passed.png" width="3%"/>
                        <a href="#" panel-name="suite-regression_Test_Suite" title="AdministrationTest.UserTest" class="method navigator-link" hash-for-method="TS0194">TS0194</a> <!-- method navigator-link -->
                      </span>
                      <br/>
                      <span>
                        <img src="passed.png" width="3%"/>
                        <a href="#" panel-name="suite-regression_Test_Suite" title="AdministrationTest.UserTest" class="method navigator-link" hash-for-method="TS0195">TS0195</a> <!-- method navigator-link -->
                      </span>
                      <br/>
                      <span>
                        <img src="passed.png" width="3%"/>
                        <a href="#" panel-name="suite-regression_Test_Suite" title="AdministrationTest.UserTest" class="method navigator-link" hash-for-method="TS0196">TS0196</a> <!-- method navigator-link -->
                      </span>
                      <br/>
                    </div> <!-- method-list-content passed suite-regression_Test_Suite -->
                  </li>
                </ul>
              </div> <!-- suite-section-content -->
            </div> <!-- result-section -->
          </div> <!-- navigator-suite-content -->
        </div> <!-- rounded-window -->
      </div> <!-- suite -->
    </div> <!-- navigator-root -->
    <div class="wrapper">
      <div class="main-panel-root">
        <div panel-name="suite-regression_Test_Suite" class="panel regression_Test_Suite">
          <div class="suite-regression_Test_Suite-class-failed">
            <div class="main-panel-header rounded-window-top">
              <img src="failed.png"/>
              <span class="class-name">MasterTest.DivisionTest</span>
            </div> <!-- main-panel-header rounded-window-top -->
            <div class="main-panel-content rounded-window-bottom">
              <div class="method">
                <div class="method-content">
                  <a name="TS0031">
                  </a> <!-- TS0031 -->
                  <span class="method-name">TS0031</span>
                  <div class="stack-trace">java.lang.AssertionError: expected [true] but found [false]
	at MasterPage.DivisionPage.AddDivision(DivisionPage.java:145)
	at MasterTest.DivisionTest.TS0031(DivisionTest.java:40)
	at java.base/java.util.ArrayList.forEach(ArrayList.java:1511)
... Removed 31 stack frames
</div> <!-- stack-trace -->
                </div> <!-- method-content -->
              </div> <!-- method -->
            </div> <!-- main-panel-content rounded-window-bottom -->
          </div> <!-- suite-regression_Test_Suite-class-failed -->
          <div class="suite-regression_Test_Suite-class-failed">
            <div class="main-panel-header rounded-window-top">
              <img src="failed.png"/>
              <span class="class-name">MasterTest.OrganizationTest</span>
            </div> <!-- main-panel-header rounded-window-top -->
            <div class="main-panel-content rounded-window-bottom">
              <div class="method">
                <div class="method-content">
                  <a name="TS0019">
                  </a> <!-- TS0019 -->
                  <span class="method-name">TS0019</span>
                  <div class="stack-trace">org.openqa.selenium.NoSuchElementException: no such element: Unable to locate element: {&quot;method&quot;:&quot;xpath&quot;,&quot;selector&quot;:&quot;//span[@id=&apos;select2-chosen-2&apos;]&quot;}
  (Session info: chrome=143.0.7499.193)
For documentation on this error, please visit: https://www.selenium.dev/documentation/webdriver/troubleshooting/errors#no-such-element-exception
Build info: version: &apos;4.27.0&apos;, revision: &apos;d6e718d134&apos;
System info: os.name: &apos;Windows 10&apos;, os.arch: &apos;amd64&apos;, os.version: &apos;10.0&apos;, java.version: &apos;17.0.16&apos;
Driver info: org.openqa.selenium.chrome.ChromeDriver
Command: [a6cebb1e4272c12aec8f2d127c211606, findElement {value=//span[@id=&apos;select2-chosen-2&apos;], using=xpath}]
Capabilities {acceptInsecureCerts: false, browserName: chrome, browserVersion: 143.0.7499.193, chrome: {chromedriverVersion: 143.0.7499.192 (be2c1f4fd45..., userDataDir: C:\Users\test2\AppData\Loca...}, fedcm:accounts: true, goog:chromeOptions: {debuggerAddress: localhost:61201}, goog:processID: 23472, networkConnectionEnabled: false, pageLoadStrategy: normal, platformName: windows, proxy: Proxy(), se:cdp: ws://localhost:61201/devtoo..., se:cdpVersion: 143.0.7499.193, setWindowRect: true, strictFileInteractability: false, timeouts: {implicit: 0, pageLoad: 300000, script: 30000}, unhandledPromptBehavior: dismiss and notify, webauthn:extension:credBlob: true, webauthn:extension:largeBlob: true, webauthn:extension:minPinLength: true, webauthn:extension:prf: true, webauthn:virtualAuthenticators: true}
Session ID: a6cebb1e4272c12aec8f2d127c211606
	at org.openqa.selenium.remote.ErrorCodec.decode(ErrorCodec.java:167)
	at org.openqa.selenium.remote.codec.w3c.W3CHttpResponseCodec.decode(W3CHttpResponseCodec.java:138)
	at org.openqa.selenium.remote.codec.w3c.W3CHttpResponseCodec.decode(W3CHttpResponseCodec.java:50)
	at org.openqa.selenium.remote.HttpCommandExecutor.execute(HttpCommandExecutor.java:190)
	at org.openqa.selenium.remote.service.DriverCommandExecutor.invokeExecute(DriverCommandExecutor.java:216)
	at org.openqa.selenium.remote.service.DriverCommandExecutor.execute(DriverCommandExecutor.java:174)
	at org.openqa.selenium.remote.RemoteWebDriver.execute(RemoteWebDriver.java:545)
	at org.openqa.selenium.remote.ElementLocation$ElementFinder$2.findElement(ElementLocation.java:165)
	at org.openqa.selenium.remote.ElementLocation.findElement(ElementLocation.java:59)
	at org.openqa.selenium.remote.RemoteWebDriver.findElement(RemoteWebDriver.java:368)
	at org.openqa.selenium.remote.RemoteWebDriver.findElement(RemoteWebDriver.java:362)
	at org.openqa.selenium.support.pagefactory.DefaultElementLocator.findElement(DefaultElementLocator.java:68)
	at org.openqa.selenium.support.pagefactory.internal.LocatingElementHandler.invoke(LocatingElementHandler.java:38)
	at jdk.proxy2/jdk.proxy2.$Proxy28.getText(Unknown Source)
	at MasterPage.OrganizationPage.viewOrg(OrganizationPage.java:261)
	at MasterTest.OrganizationTest.TS0019(OrganizationTest.java:52)
	at java.base/java.util.ArrayList.forEach(ArrayList.java:1511)
... Removed 32 stack frames
</div> <!-- stack-trace -->
                </div> <!-- method-content -->
              </div> <!-- method -->
            </div> <!-- main-panel-content rounded-window-bottom -->
          </div> <!-- suite-regression_Test_Suite-class-failed -->
          <div class="suite-regression_Test_Suite-class-failed">
            <div class="main-panel-header rounded-window-top">
              <img src="failed.png"/>
              <span class="class-name">ExternalEmployeeTest.ExternalEmployeeTest</span>
            </div> <!-- main-panel-header rounded-window-top -->
            <div class="main-panel-content rounded-window-bottom">
              <div class="method">
                <div class="method-content">
                  <a name="AddExternalEmp">
                  </a> <!-- AddExternalEmp -->
                  <span class="method-name">AddExternalEmp</span>
                  <div class="stack-trace">java.lang.NullPointerException: Cannot invoke &quot;ExternalEmployeePage.ExternalEmoployees.AddEMP(String, String, String, String, String, String, String, String, String, String, String, String, String, String, String, String, String, String, String, String, String, String, String, String, String, String, String, String)&quot; because &quot;this.EP&quot; is null
	at ExternalEmployeeTest.ExternalEmployeeTest.AddExternalEmp(ExternalEmployeeTest.java:72)
	at java.base/java.util.ArrayList.forEach(ArrayList.java:1511)
... Removed 27 stack frames
</div> <!-- stack-trace -->
                </div> <!-- method-content -->
              </div> <!-- method -->
            </div> <!-- main-panel-content rounded-window-bottom -->
          </div> <!-- suite-regression_Test_Suite-class-failed -->
          <div class="suite-regression_Test_Suite-class-failed">
            <div class="main-panel-header rounded-window-top">
              <img src="failed.png"/>
              <span class="class-name">MasterTest.CityTest</span>
            </div> <!-- main-panel-header rounded-window-top -->
            <div class="main-panel-content rounded-window-bottom">
              <div class="method">
                <div class="method-content">
                  <a name="TS0087">
                  </a> <!-- TS0087 -->
                  <span class="method-name">TS0087</span>
                  <div class="stack-trace">java.lang.AssertionError: City found in search in other company expected [false] but found [true]
	at MasterPage.CityPage.VerifyAccrossCompanies(CityPage.java:207)
	at MasterTest.CityTest.TS0087(CityTest.java:71)
	at java.base/java.util.ArrayList.forEach(ArrayList.java:1511)
... Removed 30 stack frames
</div> <!-- stack-trace -->
                </div> <!-- method-content -->
              </div> <!-- method -->
            </div> <!-- main-panel-content rounded-window-bottom -->
          </div> <!-- suite-regression_Test_Suite-class-failed -->
          <div class="suite-regression_Test_Suite-class-failed">
            <div class="main-panel-header rounded-window-top">
              <img src="failed.png"/>
              <span class="class-name">AdministrationTest.UserTest</span>
            </div> <!-- main-panel-header rounded-window-top -->
            <div class="main-panel-content rounded-window-bottom">
              <div class="method">
                <div class="method-content">
                  <a name="TS0197">
                  </a> <!-- TS0197 -->
                  <span class="method-name">TS0197</span>
                  <div class="stack-trace">org.openqa.selenium.ElementNotInteractableException: element not interactable
  (Session info: chrome=143.0.7499.193)
Build info: version: &apos;4.27.0&apos;, revision: &apos;d6e718d134&apos;
System info: os.name: &apos;Windows 10&apos;, os.arch: &apos;amd64&apos;, os.version: &apos;10.0&apos;, java.version: &apos;17.0.16&apos;
Driver info: org.openqa.selenium.chrome.ChromeDriver
Command: [8f454b34470668e819bdbc6ba846a775, sendKeysToElement {id=f.922B74C219B0F0EA0E47E50F91F55CD4.d.F4D6E5CD43803B7A1F183580C12E82EB.e.66, value=[Ljava.lang.CharSequence;@251a90ce}]
Capabilities {acceptInsecureCerts: false, browserName: chrome, browserVersion: 143.0.7499.193, chrome: {chromedriverVersion: 143.0.7499.192 (be2c1f4fd45..., userDataDir: C:\Users\test2\AppData\Loca...}, fedcm:accounts: true, goog:chromeOptions: {debuggerAddress: localhost:60953}, goog:processID: 9972, networkConnectionEnabled: false, pageLoadStrategy: normal, platformName: windows, proxy: Proxy(), se:cdp: ws://localhost:60953/devtoo..., se:cdpVersion: 143.0.7499.193, setWindowRect: true, strictFileInteractability: false, timeouts: {implicit: 0, pageLoad: 300000, script: 30000}, unhandledPromptBehavior: dismiss and notify, webauthn:extension:credBlob: true, webauthn:extension:largeBlob: true, webauthn:extension:minPinLength: true, webauthn:extension:prf: true, webauthn:virtualAuthenticators: true}
Element: [[ChromeDriver: chrome on windows (8f454b34470668e819bdbc6ba846a775)] -&gt; xpath: //input[@class=&apos;s-Serenity-QuickSearchInput s-QuickSearchInput&apos;]]
Session ID: 8f454b34470668e819bdbc6ba846a775
	at org.openqa.selenium.remote.ErrorCodec.decode(ErrorCodec.java:167)
	at org.openqa.selenium.remote.codec.w3c.W3CHttpResponseCodec.decode(W3CHttpResponseCodec.java:138)
	at org.openqa.selenium.remote.codec.w3c.W3CHttpResponseCodec.decode(W3CHttpResponseCodec.java:50)
	at org.openqa.selenium.remote.HttpCommandExecutor.execute(HttpCommandExecutor.java:190)
	at org.openqa.selenium.remote.service.DriverCommandExecutor.invokeExecute(DriverCommandExecutor.java:216)
	at org.openqa.selenium.remote.service.DriverCommandExecutor.execute(DriverCommandExecutor.java:174)
	at org.openqa.selenium.remote.RemoteWebDriver.execute(RemoteWebDriver.java:545)
	at org.openqa.selenium.remote.RemoteWebElement.execute(RemoteWebElement.java:223)
	at org.openqa.selenium.remote.RemoteWebElement.sendKeys(RemoteWebElement.java:110)
	at org.openqa.selenium.support.pagefactory.internal.LocatingElementHandler.invoke(LocatingElementHandler.java:51)
	at jdk.proxy2/jdk.proxy2.$Proxy28.sendKeys(Unknown Source)
	at AdministrationPage.UserPage.updateUserForm(UserPage.java:280)
	at AdministrationTest.UserTest.TS0197(UserTest.java:49)
	at java.base/java.util.ArrayList.forEach(ArrayList.java:1511)
... Removed 35 stack frames
</div> <!-- stack-trace -->
                </div> <!-- method-content -->
              </div> <!-- method -->
              <div class="method">
                <div class="method-content">
                  <a name="TS0198">
                  </a> <!-- TS0198 -->
                  <span class="method-name">TS0198</span>
                  <div class="stack-trace">java.lang.AssertionError: User deletion failed expected [false] but found [true]
	at AdministrationPage.UserPage.DeleteUser(UserPage.java:331)
	at AdministrationTest.UserTest.TS0198(UserTest.java:55)
	at java.base/java.util.ArrayList.forEach(ArrayList.java:1511)
... Removed 30 stack frames
</div> <!-- stack-trace -->
                </div> <!-- method-content -->
              </div> <!-- method -->
            </div> <!-- main-panel-content rounded-window-bottom -->
          </div> <!-- suite-regression_Test_Suite-class-failed -->
          <div class="suite-regression_Test_Suite-class-passed">
            <div class="main-panel-header rounded-window-top">
              <img src="passed.png"/>
              <span class="class-name">MasterTest.DivisionTest</span>
            </div> <!-- main-panel-header rounded-window-top -->
            <div class="main-panel-content rounded-window-bottom">
              <div class="method">
                <div class="method-content">
                  <a name="TS0032">
                  </a> <!-- TS0032 -->
                  <span class="method-name">TS0032</span>
                </div> <!-- method-content -->
              </div> <!-- method -->
              <div class="method">
                <div class="method-content">
                  <a name="TS0033">
                  </a> <!-- TS0033 -->
                  <span class="method-name">TS0033</span>
                </div> <!-- method-content -->
              </div> <!-- method -->
              <div class="method">
                <div class="method-content">
                  <a name="TS0034">
                  </a> <!-- TS0034 -->
                  <span class="method-name">TS0034</span>
                </div> <!-- method-content -->
              </div> <!-- method -->
              <div class="method">
                <div class="method-content">
                  <a name="TS0035">
                  </a> <!-- TS0035 -->
                  <span class="method-name">TS0035</span>
                </div> <!-- method-content -->
              </div> <!-- method -->
            </div> <!-- main-panel-content rounded-window-bottom -->
          </div> <!-- suite-regression_Test_Suite-class-passed -->
          <div class="suite-regression_Test_Suite-class-passed">
            <div class="main-panel-header rounded-window-top">
              <img src="passed.png"/>
              <span class="class-name">MasterTest.SubDepartmentTest</span>
            </div> <!-- main-panel-header rounded-window-top -->
            <div class="main-panel-content rounded-window-bottom">
              <div class="method">
                <div class="method-content">
                  <a name="TS0053">
                  </a> <!-- TS0053 -->
                  <span class="method-name">TS0053</span>
                </div> <!-- method-content -->
              </div> <!-- method -->
              <div class="method">
                <div class="method-content">
                  <a name="TS0058">
                  </a> <!-- TS0058 -->
                  <span class="method-name">TS0058</span>
                </div> <!-- method-content -->
              </div> <!-- method -->
            </div> <!-- main-panel-content rounded-window-bottom -->
          </div> <!-- suite-regression_Test_Suite-class-passed -->
          <div class="suite-regression_Test_Suite-class-passed">
            <div class="main-panel-header rounded-window-top">
              <img src="passed.png"/>
              <span class="class-name">MasterTest.DesginationTest</span>
            </div> <!-- main-panel-header rounded-window-top -->
            <div class="main-panel-content rounded-window-bottom">
              <div class="method">
                <div class="method-content">
                  <a name="TS0064">
                  </a> <!-- TS0064 -->
                  <span class="method-name">TS0064</span>
                </div> <!-- method-content -->
              </div> <!-- method -->
            </div> <!-- main-panel-content rounded-window-bottom -->
          </div> <!-- suite-regression_Test_Suite-class-passed -->
          <div class="suite-regression_Test_Suite-class-passed">
            <div class="main-panel-header rounded-window-top">
              <img src="passed.png"/>
              <span class="class-name">MasterTest.OrganizationTest</span>
            </div> <!-- main-panel-header rounded-window-top -->
            <div class="main-panel-content rounded-window-bottom">
              <div class="method">
                <div class="method-content">
                  <a name="TS0027">
                  </a> <!-- TS0027 -->
                  <span class="method-name">TS0027</span>
                </div> <!-- method-content -->
              </div> <!-- method -->
            </div> <!-- main-panel-content rounded-window-bottom -->
          </div> <!-- suite-regression_Test_Suite-class-passed -->
          <div class="suite-regression_Test_Suite-class-passed">
            <div class="main-panel-header rounded-window-top">
              <img src="passed.png"/>
              <span class="class-name">MasterTest.CityTest</span>
            </div> <!-- main-panel-header rounded-window-top -->
            <div class="main-panel-content rounded-window-bottom">
              <div class="method">
                <div class="method-content">
                  <a name="TS0083">
                  </a> <!-- TS0083 -->
                  <span class="method-name">TS0083</span>
                </div> <!-- method-content -->
              </div> <!-- method -->
              <div class="method">
                <div class="method-content">
                  <a name="TS0086">
                  </a> <!-- TS0086 -->
                  <span class="method-name">TS0086</span>
                </div> <!-- method-content -->
              </div> <!-- method -->
              <div class="method">
                <div class="method-content">
                  <a name="TS0088">
                  </a> <!-- TS0088 -->
                  <span class="method-name">TS0088</span>
                </div> <!-- method-content -->
              </div> <!-- method -->
            </div> <!-- main-panel-content rounded-window-bottom -->
          </div> <!-- suite-regression_Test_Suite-class-passed -->
          <div class="suite-regression_Test_Suite-class-passed">
            <div class="main-panel-header rounded-window-top">
              <img src="passed.png"/>
              <span class="class-name">AdministrationTest.UserTest</span>
            </div> <!-- main-panel-header rounded-window-top -->
            <div class="main-panel-content rounded-window-bottom">
              <div class="method">
                <div class="method-content">
                  <a name="TS0194">
                  </a> <!-- TS0194 -->
                  <span class="method-name">TS0194</span>
                </div> <!-- method-content -->
              </div> <!-- method -->
              <div class="method">
                <div class="method-content">
                  <a name="TS0195">
                  </a> <!-- TS0195 -->
                  <span class="method-name">TS0195</span>
                </div> <!-- method-content -->
              </div> <!-- method -->
              <div class="method">
                <div class="method-content">
                  <a name="TS0196">
                  </a> <!-- TS0196 -->
                  <span class="method-name">TS0196</span>
                </div> <!-- method-content -->
              </div> <!-- method -->
            </div> <!-- main-panel-content rounded-window-bottom -->
          </div> <!-- suite-regression_Test_Suite-class-passed -->
        </div> <!-- panel regression_Test_Suite -->
        <div panel-name="test-xml-regression_Test_Suite" class="panel">
          <div class="main-panel-header rounded-window-top">
            <span class="header-content">D:\Priya\BSS_Automation_Files\Eclipse-Workspace\SmartISystems-BSS\SmartI-BSS\testng.xml</span>
          </div> <!-- main-panel-header rounded-window-top -->
          <div class="main-panel-content rounded-window-bottom">
            <pre>
&lt;?xml version=&quot;1.0&quot; encoding=&quot;UTF-8&quot;?&gt;
&lt;!DOCTYPE suite SYSTEM &quot;https://testng.org/testng-1.0.dtd&quot;&gt;
&lt;suite name=&quot;regression Test Suite&quot; guice-stage=&quot;DEVELOPMENT&quot;&gt;
  &lt;groups&gt;
    &lt;run&gt;
      &lt;include name=&quot;regression&quot;/&gt;
    &lt;/run&gt;
  &lt;/groups&gt;
  &lt;groups&gt;
    &lt;run&gt;
      &lt;include name=&quot;regression&quot;/&gt;
    &lt;/run&gt;
  &lt;/groups&gt;
  &lt;test thread-count=&quot;5&quot; name=&quot;Run All regression Tests&quot;&gt;
    &lt;packages&gt;
      &lt;package name=&quot;AdministrationTest&quot;/&gt;
      &lt;package name=&quot;DashboardTest&quot;/&gt;
      &lt;package name=&quot;ExternalEmployeeTest&quot;/&gt;
      &lt;package name=&quot;MasterTest&quot;/&gt;
      &lt;package name=&quot;ReportsTestCases&quot;/&gt;
    &lt;/packages&gt;
    &lt;classes&gt;
      &lt;class name=&quot;AdministrationTest.RolesTest&quot;/&gt;
      &lt;class name=&quot;AdministrationTest.UserTest&quot;/&gt;
      &lt;class name=&quot;DashboardTest.package-info&quot;/&gt;
      &lt;class name=&quot;ExternalEmployeeTest.ExternalEmployeeTest&quot;/&gt;
      &lt;class name=&quot;ExternalEmployeeTest.package-info&quot;/&gt;
      &lt;class name=&quot;MasterTest.CityTest&quot;/&gt;
      &lt;class name=&quot;MasterTest.DashboardTest&quot;/&gt;
      &lt;class name=&quot;MasterTest.DepartmentTest&quot;/&gt;
      &lt;class name=&quot;MasterTest.DesginationTest&quot;/&gt;
      &lt;class name=&quot;MasterTest.DivisionTest&quot;/&gt;
      &lt;class name=&quot;MasterTest.LocationTest&quot;/&gt;
      &lt;class name=&quot;MasterTest.OrganizationTest&quot;/&gt;
      &lt;class name=&quot;MasterTest.RoleTest&quot;/&gt;
      &lt;class name=&quot;MasterTest.StateTest&quot;/&gt;
      &lt;class name=&quot;MasterTest.SubDepartmentTest&quot;/&gt;
      &lt;class name=&quot;MasterTest.UserTest&quot;/&gt;
      &lt;class name=&quot;ReportsTestCases.CardPoolReportTest&quot;/&gt;
      &lt;class name=&quot;ReportsTestCases.DepartmentReportTest&quot;/&gt;
      &lt;class name=&quot;ReportsTestCases.DesignationReportTest&quot;/&gt;
      &lt;class name=&quot;ReportsTestCases.DivisionReportTest&quot;/&gt;
      &lt;class name=&quot;ReportsTestCases.EmployeeActiveStatusTest&quot;/&gt;
      &lt;class name=&quot;ReportsTestCases.EmployeeEntityAccessTest&quot;/&gt;
      &lt;class name=&quot;ReportsTestCases.EmployeeReportTest&quot;/&gt;
      &lt;class name=&quot;ReportsTestCases.OrganizationReportTest&quot;/&gt;
      &lt;class name=&quot;ReportsTestCases.TransactionalAccessTest&quot;/&gt;
      &lt;class name=&quot;ReportsTestCases.TransactionalEventTest&quot;/&gt;
    &lt;/classes&gt;
  &lt;/test&gt; &lt;!-- Run All regression Tests --&gt;
&lt;/suite&gt; &lt;!-- regression Test Suite --&gt;
            </pre>
          </div> <!-- main-panel-content rounded-window-bottom -->
        </div> <!-- panel -->
        <div panel-name="testlist-regression_Test_Suite" class="panel">
          <div class="main-panel-header rounded-window-top">
            <span class="header-content">Tests for regression Test Suite</span>
          </div> <!-- main-panel-header rounded-window-top -->
          <div class="main-panel-content rounded-window-bottom">
            <ul>
              <li>
                <span class="test-name">Run All regression Tests (26 classes)</span>
              </li>
            </ul>
          </div> <!-- main-panel-content rounded-window-bottom -->
        </div> <!-- panel -->
        <div panel-name="group-regression_Test_Suite" class="panel">
          <div class="main-panel-header rounded-window-top">
            <span class="header-content">Groups for regression Test Suite</span>
          </div> <!-- main-panel-header rounded-window-top -->
          <div class="main-panel-content rounded-window-bottom">
            <div class="test-group">
              <span class="test-group-name">functional</span>
              <br/>
              <div class="method-in-group">
                <span class="method-in-group-name">AddExternalEmp</span>
                <br/>
              </div> <!-- method-in-group -->
              <div class="method-in-group">
                <span class="method-in-group-name">TS0031</span>
                <br/>
              </div> <!-- method-in-group -->
              <div class="method-in-group">
                <span class="method-in-group-name">TS0033</span>
                <br/>
              </div> <!-- method-in-group -->
              <div class="method-in-group">
                <span class="method-in-group-name">TS0034</span>
                <br/>
              </div> <!-- method-in-group -->
              <div class="method-in-group">
                <span class="method-in-group-name">TS0035</span>
                <br/>
              </div> <!-- method-in-group -->
              <div class="method-in-group">
                <span class="method-in-group-name">TS0194</span>
                <br/>
              </div> <!-- method-in-group -->
              <div class="method-in-group">
                <span class="method-in-group-name">TS0195</span>
                <br/>
              </div> <!-- method-in-group -->
              <div class="method-in-group">
                <span class="method-in-group-name">TS0197</span>
                <br/>
              </div> <!-- method-in-group -->
              <div class="method-in-group">
                <span class="method-in-group-name">TS0198</span>
                <br/>
              </div> <!-- method-in-group -->
            </div> <!-- test-group -->
            <div class="test-group">
              <span class="test-group-name">regression</span>
              <br/>
              <div class="method-in-group">
                <span class="method-in-group-name">AddExternalEmp</span>
                <br/>
              </div> <!-- method-in-group -->
              <div class="method-in-group">
                <span class="method-in-group-name">TS0019</span>
                <br/>
              </div> <!-- method-in-group -->
              <div class="method-in-group">
                <span class="method-in-group-name">TS0027</span>
                <br/>
              </div> <!-- method-in-group -->
              <div class="method-in-group">
                <span class="method-in-group-name">TS0031</span>
                <br/>
              </div> <!-- method-in-group -->
              <div class="method-in-group">
                <span class="method-in-group-name">TS0032</span>
                <br/>
              </div> <!-- method-in-group -->
              <div class="method-in-group">
                <span class="method-in-group-name">TS0033</span>
                <br/>
              </div> <!-- method-in-group -->
              <div class="method-in-group">
                <span class="method-in-group-name">TS0034</span>
                <br/>
              </div> <!-- method-in-group -->
              <div class="method-in-group">
                <span class="method-in-group-name">TS0035</span>
                <br/>
              </div> <!-- method-in-group -->
              <div class="method-in-group">
                <span class="method-in-group-name">TS0053</span>
                <br/>
              </div> <!-- method-in-group -->
              <div class="method-in-group">
                <span class="method-in-group-name">TS0058</span>
                <br/>
              </div> <!-- method-in-group -->
              <div class="method-in-group">
                <span class="method-in-group-name">TS0064</span>
                <br/>
              </div> <!-- method-in-group -->
              <div class="method-in-group">
                <span class="method-in-group-name">TS0083</span>
                <br/>
              </div> <!-- method-in-group -->
              <div class="method-in-group">
                <span class="method-in-group-name">TS0086</span>
                <br/>
              </div> <!-- method-in-group -->
              <div class="method-in-group">
                <span class="method-in-group-name">TS0087</span>
                <br/>
              </div> <!-- method-in-group -->
              <div class="method-in-group">
                <span class="method-in-group-name">TS0088</span>
                <br/>
              </div> <!-- method-in-group -->
              <div class="method-in-group">
                <span class="method-in-group-name">TS0194</span>
                <br/>
              </div> <!-- method-in-group -->
              <div class="method-in-group">
                <span class="method-in-group-name">TS0195</span>
                <br/>
              </div> <!-- method-in-group -->
              <div class="method-in-group">
                <span class="method-in-group-name">TS0196</span>
                <br/>
              </div> <!-- method-in-group -->
              <div class="method-in-group">
                <span class="method-in-group-name">TS0197</span>
                <br/>
              </div> <!-- method-in-group -->
              <div class="method-in-group">
                <span class="method-in-group-name">TS0198</span>
                <br/>
              </div> <!-- method-in-group -->
            </div> <!-- test-group -->
          </div> <!-- main-panel-content rounded-window-bottom -->
        </div> <!-- panel -->
        <div panel-name="times-regression_Test_Suite" class="panel">
          <div class="main-panel-header rounded-window-top">
            <span class="header-content">Times for regression Test Suite</span>
          </div> <!-- main-panel-header rounded-window-top -->
          <div class="main-panel-content rounded-window-bottom">
            <div class="times-div">
              <script type="text/javascript">
suiteTableInitFunctions.push('tableData_regression_Test_Suite');
function tableData_regression_Test_Suite() {
var data = new google.visualization.DataTable();
data.addColumn('number', 'Number');
data.addColumn('string', 'Method');
data.addColumn('string', 'Class');
data.addColumn('number', 'Time (ms)');
data.addRows(20);
data.setCell(0, 0, 0)
data.setCell(0, 1, 'TS0019')
data.setCell(0, 2, 'MasterTest.OrganizationTest')
data.setCell(0, 3, 14590);
data.setCell(1, 0, 1)
data.setCell(1, 1, 'TS0195')
data.setCell(1, 2, 'AdministrationTest.UserTest')
data.setCell(1, 3, 13573);
data.setCell(2, 0, 2)
data.setCell(2, 1, 'TS0194')
data.setCell(2, 2, 'AdministrationTest.UserTest')
data.setCell(2, 3, 12856);
data.setCell(3, 0, 3)
data.setCell(3, 1, 'TS0035')
data.setCell(3, 2, 'MasterTest.DivisionTest')
data.setCell(3, 3, 11563);
data.setCell(4, 0, 4)
data.setCell(4, 1, 'TS0034')
data.setCell(4, 2, 'MasterTest.DivisionTest')
data.setCell(4, 3, 11365);
data.setCell(5, 0, 5)
data.setCell(5, 1, 'TS0087')
data.setCell(5, 2, 'MasterTest.CityTest')
data.setCell(5, 3, 7408);
data.setCell(6, 0, 6)
data.setCell(6, 1, 'TS0031')
data.setCell(6, 2, 'MasterTest.DivisionTest')
data.setCell(6, 3, 6961);
data.setCell(7, 0, 7)
data.setCell(7, 1, 'TS0197')
data.setCell(7, 2, 'AdministrationTest.UserTest')
data.setCell(7, 3, 6729);
data.setCell(8, 0, 8)
data.setCell(8, 1, 'TS0198')
data.setCell(8, 2, 'AdministrationTest.UserTest')
data.setCell(8, 3, 6063);
data.setCell(9, 0, 9)
data.setCell(9, 1, 'TS0033')
data.setCell(9, 2, 'MasterTest.DivisionTest')
data.setCell(9, 3, 5273);
data.setCell(10, 0, 10)
data.setCell(10, 1, 'TS0064')
data.setCell(10, 2, 'MasterTest.DesginationTest')
data.setCell(10, 3, 4767);
data.setCell(11, 0, 11)
data.setCell(11, 1, 'TS0032')
data.setCell(11, 2, 'MasterTest.DivisionTest')
data.setCell(11, 3, 4689);
data.setCell(12, 0, 12)
data.setCell(12, 1, 'TS0196')
data.setCell(12, 2, 'AdministrationTest.UserTest')
data.setCell(12, 3, 4034);
data.setCell(13, 0, 13)
data.setCell(13, 1, 'TS0027')
data.setCell(13, 2, 'MasterTest.OrganizationTest')
data.setCell(13, 3, 3602);
data.setCell(14, 0, 14)
data.setCell(14, 1, 'TS0083')
data.setCell(14, 2, 'MasterTest.CityTest')
data.setCell(14, 3, 2889);
data.setCell(15, 0, 15)
data.setCell(15, 1, 'TS0088')
data.setCell(15, 2, 'MasterTest.CityTest')
data.setCell(15, 3, 2397);
data.setCell(16, 0, 16)
data.setCell(16, 1, 'TS0053')
data.setCell(16, 2, 'MasterTest.SubDepartmentTest')
data.setCell(16, 3, 1680);
data.setCell(17, 0, 17)
data.setCell(17, 1, 'TS0086')
data.setCell(17, 2, 'MasterTest.CityTest')
data.setCell(17, 3, 1578);
data.setCell(18, 0, 18)
data.setCell(18, 1, 'TS0058')
data.setCell(18, 2, 'MasterTest.SubDepartmentTest')
data.setCell(18, 3, 1556);
data.setCell(19, 0, 19)
data.setCell(19, 1, 'AddExternalEmp')
data.setCell(19, 2, 'ExternalEmployeeTest.ExternalEmployeeTest')
data.setCell(19, 3, 27);
window.suiteTableData['regression_Test_Suite']= { tableData: data, tableDiv: 'times-div-regression_Test_Suite'}
return data;
}
              </script>
              <span class="suite-total-time">Total running time: 2 minutes</span>
              <div id="times-div-regression_Test_Suite">
              </div> <!-- times-div-regression_Test_Suite -->
            </div> <!-- times-div -->
          </div> <!-- main-panel-content rounded-window-bottom -->
        </div> <!-- panel -->
        <div panel-name="reporter-regression_Test_Suite" class="panel">
          <div class="main-panel-header rounded-window-top">
            <span class="header-content">Reporter output for regression Test Suite</span>
          </div> <!-- main-panel-header rounded-window-top -->
          <div class="main-panel-content rounded-window-bottom">
          </div> <!-- main-panel-content rounded-window-bottom -->
        </div> <!-- panel -->
        <div panel-name="ignored-methods-regression_Test_Suite" class="panel">
          <div class="main-panel-header rounded-window-top">
            <span class="header-content">121 ignored methods</span>
          </div> <!-- main-panel-header rounded-window-top -->
          <div class="main-panel-content rounded-window-bottom">
            <div class="ignored-class-div">
              <span class="ignored-class-name">MasterTest.DivisionTest</span>
              <div class="ignored-methods-div">
                <span class="ignored-method-name">TS0036</span>
                <br/>
                <span class="ignored-method-name">TS0030</span>
                <br/>
              </div> <!-- ignored-methods-div -->
            </div> <!-- ignored-class-div -->
            <div class="ignored-class-div">
              <span class="ignored-class-name">MasterTest.DepartmentTest</span>
              <div class="ignored-methods-div">
                <span class="ignored-method-name">TS0039</span>
                <br/>
                <span class="ignored-method-name">TS0047</span>
                <br/>
                <span class="ignored-method-name">TS0045</span>
                <br/>
                <span class="ignored-method-name">TS0049</span>
                <br/>
                <span class="ignored-method-name">TS0042</span>
                <br/>
                <span class="ignored-method-name">TS0040</span>
                <br/>
                <span class="ignored-method-name">TS0046</span>
                <br/>
                <span class="ignored-method-name">TS0043</span>
                <br/>
                <span class="ignored-method-name">TS0044</span>
                <br/>
                <span class="ignored-method-name">TS0041</span>
                <br/>
              </div> <!-- ignored-methods-div -->
            </div> <!-- ignored-class-div -->
            <div class="ignored-class-div">
              <span class="ignored-class-name">MasterTest.DesginationTest</span>
              <div class="ignored-methods-div">
                <span class="ignored-method-name">TS0069</span>
                <br/>
                <span class="ignored-method-name">TS0067</span>
                <br/>
                <span class="ignored-method-name">TS0068</span>
                <br/>
                <span class="ignored-method-name">updateDesignation</span>
                <br/>
                <span class="ignored-method-name">TS0063</span>
                <br/>
                <span class="ignored-method-name">TS0062</span>
                <br/>
              </div> <!-- ignored-methods-div -->
            </div> <!-- ignored-class-div -->
            <div class="ignored-class-div">
              <span class="ignored-class-name">ReportsTestCases.EmployeeEntityAccessTest</span>
              <div class="ignored-methods-div">
                <span class="ignored-method-name">TS0142</span>
                <br/>
                <span class="ignored-method-name">TS0141</span>
                <br/>
                <span class="ignored-method-name">TS0140</span>
                <br/>
                <span class="ignored-method-name">TS0136</span>
                <br/>
                <span class="ignored-method-name">TS0139</span>
                <br/>
                <span class="ignored-method-name">TS0138</span>
                <br/>
                <span class="ignored-method-name">TS0137</span>
                <br/>
              </div> <!-- ignored-methods-div -->
            </div> <!-- ignored-class-div -->
            <div class="ignored-class-div">
              <span class="ignored-class-name">ReportsTestCases.DivisionReportTest</span>
              <div class="ignored-methods-div">
                <span class="ignored-method-name">TS0105</span>
                <br/>
                <span class="ignored-method-name">TS0106</span>
                <br/>
                <span class="ignored-method-name">TS0107</span>
                <br/>
              </div> <!-- ignored-methods-div -->
            </div> <!-- ignored-class-div -->
            <div class="ignored-class-div">
              <span class="ignored-class-name">AdministrationTest.RolesTest</span>
              <div class="ignored-methods-div">
                <span class="ignored-method-name">TS0192</span>
                <br/>
                <span class="ignored-method-name">TS0191</span>
                <br/>
                <span class="ignored-method-name">TS0193</span>
                <br/>
              </div> <!-- ignored-methods-div -->
            </div> <!-- ignored-class-div -->
            <div class="ignored-class-div">
              <span class="ignored-class-name">MasterTest.DashboardTest</span>
              <div class="ignored-methods-div">
                <span class="ignored-method-name">CriticalEventCheck</span>
                <br/>
                <span class="ignored-method-name">InActiveEmpCheck</span>
                <br/>
                <span class="ignored-method-name">Top5MostAccessDevices</span>
                <br/>
                <span class="ignored-method-name">UserHourlyAccess</span>
                <br/>
                <span class="ignored-method-name">EmoloyeeInCheck</span>
                <br/>
                <span class="ignored-method-name">Tailgatingcount</span>
                <br/>
              </div> <!-- ignored-methods-div -->
            </div> <!-- ignored-class-div -->
            <div class="ignored-class-div">
              <span class="ignored-class-name">MasterTest.CityTest</span>
              <div class="ignored-methods-div">
                <span class="ignored-method-name">TS0081</span>
                <br/>
                <span class="ignored-method-name">TS0084</span>
                <br/>
                <span class="ignored-method-name">TS0082</span>
                <br/>
              </div> <!-- ignored-methods-div -->
            </div> <!-- ignored-class-div -->
            <div class="ignored-class-div">
              <span class="ignored-class-name">MasterTest.LocationTest</span>
              <div class="ignored-methods-div">
                <span class="ignored-method-name">TS0009</span>
                <br/>
                <span class="ignored-method-name">TS0008</span>
                <br/>
                <span class="ignored-method-name">TS0002</span>
                <br/>
                <span class="ignored-method-name">TS0013</span>
                <br/>
                <span class="ignored-method-name">TS0012</span>
                <br/>
                <span class="ignored-method-name">TS0001</span>
                <br/>
                <span class="ignored-method-name">TS0011</span>
                <br/>
                <span class="ignored-method-name">TS0010</span>
                <br/>
                <span class="ignored-method-name">TS0006</span>
                <br/>
                <span class="ignored-method-name">TS0016</span>
                <br/>
                <span class="ignored-method-name">TS0005</span>
                <br/>
                <span class="ignored-method-name">TS0004</span>
                <br/>
                <span class="ignored-method-name">TS0015</span>
                <br/>
                <span class="ignored-method-name">TS0014</span>
                <br/>
                <span class="ignored-method-name">TS0003</span>
                <br/>
              </div> <!-- ignored-methods-div -->
            </div> <!-- ignored-class-div -->
            <div class="ignored-class-div">
              <span class="ignored-class-name">ReportsTestCases.EmployeeReportTest</span>
              <div class="ignored-methods-div">
                <span class="ignored-method-name">TS0113</span>
                <br/>
                <span class="ignored-method-name">TS0112</span>
                <br/>
                <span class="ignored-method-name">TS0115</span>
                <br/>
                <span class="ignored-method-name">TS0114</span>
                <br/>
                <span class="ignored-method-name">TS0110</span>
                <br/>
                <span class="ignored-method-name">TS0109</span>
                <br/>
              </div> <!-- ignored-methods-div -->
            </div> <!-- ignored-class-div -->
            <div class="ignored-class-div">
              <span class="ignored-class-name">ReportsTestCases.EmployeeActiveStatusTest</span>
              <div class="ignored-methods-div">
                <span class="ignored-method-name">TS0131</span>
                <br/>
                <span class="ignored-method-name">TS0132</span>
                <br/>
                <span class="ignored-method-name">TS0130</span>
                <br/>
                <span class="ignored-method-name">TS0128</span>
                <br/>
                <span class="ignored-method-name">TS0129</span>
                <br/>
                <span class="ignored-method-name">TS0133</span>
                <br/>
                <span class="ignored-method-name">TS0127</span>
                <br/>
              </div> <!-- ignored-methods-div -->
            </div> <!-- ignored-class-div -->
            <div class="ignored-class-div">
              <span class="ignored-class-name">ReportsTestCases.CardPoolReportTest</span>
              <div class="ignored-methods-div">
                <span class="ignored-method-name">TS0119</span>
                <br/>
                <span class="ignored-method-name">TS0118</span>
                <br/>
                <span class="ignored-method-name">TS0126</span>
                <br/>
                <span class="ignored-method-name">TS0125</span>
                <br/>
                <span class="ignored-method-name">TS0122</span>
                <br/>
                <span class="ignored-method-name">TS0123</span>
                <br/>
                <span class="ignored-method-name">TS0120</span>
                <br/>
                <span class="ignored-method-name">TS0121</span>
                <br/>
              </div> <!-- ignored-methods-div -->
            </div> <!-- ignored-class-div -->
            <div class="ignored-class-div">
              <span class="ignored-class-name">MasterTest.SubDepartmentTest</span>
              <div class="ignored-methods-div">
                <span class="ignored-method-name">TS0059</span>
                <br/>
                <span class="ignored-method-name">TS0056</span>
                <br/>
                <span class="ignored-method-name">UpdateDepartment</span>
                <br/>
                <span class="ignored-method-name">TS0057</span>
                <br/>
                <span class="ignored-method-name">TS0051</span>
                <br/>
                <span class="ignored-method-name">SubDepartment</span>
                <br/>
                <span class="ignored-method-name">TS0060</span>
                <br/>
              </div> <!-- ignored-methods-div -->
            </div> <!-- ignored-class-div -->
            <div class="ignored-class-div">
              <span class="ignored-class-name">MasterTest.UserTest</span>
              <div class="ignored-methods-div">
                <span class="ignored-method-name">UpdateUser</span>
                <br/>
                <span class="ignored-method-name">AddUser</span>
                <br/>
              </div> <!-- ignored-methods-div -->
            </div> <!-- ignored-class-div -->
            <div class="ignored-class-div">
              <span class="ignored-class-name">ReportsTestCases.DepartmentReportTest</span>
              <div class="ignored-methods-div">
                <span class="ignored-method-name">TS0100</span>
                <br/>
                <span class="ignored-method-name">TS0101</span>
                <br/>
                <span class="ignored-method-name">TS0102</span>
                <br/>
                <span class="ignored-method-name">TS0103</span>
                <br/>
              </div> <!-- ignored-methods-div -->
            </div> <!-- ignored-class-div -->
            <div class="ignored-class-div">
              <span class="ignored-class-name">ReportsTestCases.OrganizationReportTest</span>
              <div class="ignored-methods-div">
                <span class="ignored-method-name">TS0090</span>
                <br/>
                <span class="ignored-method-name">ReportOrganization</span>
                <br/>
                <span class="ignored-method-name">TS0091</span>
                <br/>
                <span class="ignored-method-name">TS0092</span>
                <br/>
              </div> <!-- ignored-methods-div -->
            </div> <!-- ignored-class-div -->
            <div class="ignored-class-div">
              <span class="ignored-class-name">MasterTest.OrganizationTest</span>
              <div class="ignored-methods-div">
                <span class="ignored-method-name">TS0025</span>
                <br/>
                <span class="ignored-method-name">TS0024</span>
                <br/>
                <span class="ignored-method-name">TS0026</span>
                <br/>
                <span class="ignored-method-name">TS0020</span>
                <br/>
                <span class="ignored-method-name">TS0023</span>
                <br/>
                <span class="ignored-method-name">TS0022</span>
                <br/>
                <span class="ignored-method-name">TS0018</span>
                <br/>
                <span class="ignored-method-name">TS0017</span>
                <br/>
                <span class="ignored-method-name">TS0028</span>
                <br/>
              </div> <!-- ignored-methods-div -->
            </div> <!-- ignored-class-div -->
            <div class="ignored-class-div">
              <span class="ignored-class-name">MasterTest.RoleTest</span>
              <div class="ignored-methods-div">
                <span class="ignored-method-name">UpdateRole</span>
                <br/>
                <span class="ignored-method-name">NewRole</span>
                <br/>
              </div> <!-- ignored-methods-div -->
            </div> <!-- ignored-class-div -->
            <div class="ignored-class-div">
              <span class="ignored-class-name">MasterTest.StateTest</span>
              <div class="ignored-methods-div">
                <span class="ignored-method-name">TS0073</span>
                <br/>
                <span class="ignored-method-name">TS0077</span>
                <br/>
                <span class="ignored-method-name">TS0076</span>
                <br/>
                <span class="ignored-method-name">TS0075</span>
                <br/>
                <span class="ignored-method-name">TS0074</span>
                <br/>
                <span class="ignored-method-name">TS0078</span>
                <br/>
              </div> <!-- ignored-methods-div -->
            </div> <!-- ignored-class-div -->
            <div class="ignored-class-div">
              <span class="ignored-class-name">ReportsTestCases.TransactionalEventTest</span>
              <div class="ignored-methods-div">
                <span class="ignored-method-name">TS0158</span>
                <br/>
                <span class="ignored-method-name">TS0157</span>
                <br/>
              </div> <!-- ignored-methods-div -->
            </div> <!-- ignored-class-div -->
            <div class="ignored-class-div">
              <span class="ignored-class-name">ReportsTestCases.TransactionalAccessTest</span>
              <div class="ignored-methods-div">
                <span class="ignored-method-name">TS0147</span>
                <br/>
                <span class="ignored-method-name">TS0151</span>
                <br/>
                <span class="ignored-method-name">TS0152</span>
                <br/>
                <span class="ignored-method-name">TS0150</span>
                <br/>
                <span class="ignored-method-name">TS0148</span>
                <br/>
                <span class="ignored-method-name">TS0149</span>
                <br/>
              </div> <!-- ignored-methods-div -->
            </div> <!-- ignored-class-div -->
            <div class="ignored-class-div">
              <span class="ignored-class-name">ReportsTestCases.DesignationReportTest</span>
              <div class="ignored-methods-div">
                <span class="ignored-method-name">TS0096</span>
                <br/>
                <span class="ignored-method-name">TS0097</span>
                <br/>
                <span class="ignored-method-name">TS0095</span>
                <br/>
              </div> <!-- ignored-methods-div -->
            </div> <!-- ignored-class-div -->
          </div> <!-- main-panel-content rounded-window-bottom -->
        </div> <!-- panel -->
        <div panel-name="chronological-regression_Test_Suite" class="panel">
          <div class="main-panel-header rounded-window-top">
            <span class="header-content">Methods in chronological order</span>
          </div> <!-- main-panel-header rounded-window-top -->
          <div class="main-panel-content rounded-window-bottom">
            <div class="chronological-class">
              <div class="chronological-class-name">ExternalEmployeeTest.ExternalEmployeeTest</div> <!-- chronological-class-name -->
              <div class="configuration-method before">
                <span class="method-name">setup</span>
                <span class="method-start">0 ms</span>
              </div> <!-- configuration-method before -->
              <div class="test-method">
                <img src="failed.png">
                </img>
                <span class="method-name">AddExternalEmp</span>
                <span class="method-start">5632 ms</span>
              </div> <!-- test-method -->
              <div class="configuration-method after">
                <span class="method-name">tearDown</span>
                <span class="method-start">5662 ms</span>
              </div> <!-- configuration-method after -->
            </div> <!-- chronological-class -->
            <div class="chronological-class">
              <div class="chronological-class-name">MasterTest.CityTest</div> <!-- chronological-class-name -->
              <div class="configuration-method before">
                <span class="method-name">setup</span>
                <span class="method-start">5797 ms</span>
              </div> <!-- configuration-method before -->
              <div class="configuration-method before">
                <span class="method-name">Login</span>
                <span class="method-start">7019 ms</span>
              </div> <!-- configuration-method before -->
              <div class="test-method">
                <span class="method-name">TS0083</span>
                <span class="method-start">7519 ms</span>
              </div> <!-- test-method -->
              <div class="configuration-method after">
                <span class="method-name">tearDown</span>
                <span class="method-start">10410 ms</span>
              </div> <!-- configuration-method after -->
              <div class="configuration-method before">
                <span class="method-name">setup</span>
                <span class="method-start">10547 ms</span>
              </div> <!-- configuration-method before -->
              <div class="configuration-method before">
                <span class="method-name">Login</span>
                <span class="method-start">11731 ms</span>
              </div> <!-- configuration-method before -->
              <div class="test-method">
                <span class="method-name">TS0086</span>
                <span class="method-start">11927 ms</span>
              </div> <!-- test-method -->
              <div class="configuration-method after">
                <span class="method-name">tearDown</span>
                <span class="method-start">13506 ms</span>
              </div> <!-- configuration-method after -->
              <div class="configuration-method before">
                <span class="method-name">setup</span>
                <span class="method-start">13623 ms</span>
              </div> <!-- configuration-method before -->
              <div class="configuration-method before">
                <span class="method-name">Login</span>
                <span class="method-start">14892 ms</span>
              </div> <!-- configuration-method before -->
              <div class="test-method">
                <img src="failed.png">
                </img>
                <span class="method-name">TS0087</span>
                <span class="method-start">15133 ms</span>
              </div> <!-- test-method -->
              <div class="configuration-method after">
                <span class="method-name">tearDown</span>
                <span class="method-start">22544 ms</span>
              </div> <!-- configuration-method after -->
              <div class="configuration-method before">
                <span class="method-name">setup</span>
                <span class="method-start">22684 ms</span>
              </div> <!-- configuration-method before -->
              <div class="configuration-method before">
                <span class="method-name">Login</span>
                <span class="method-start">23953 ms</span>
              </div> <!-- configuration-method before -->
              <div class="test-method">
                <span class="method-name">TS0088</span>
                <span class="method-start">24175 ms</span>
              </div> <!-- test-method -->
              <div class="configuration-method after">
                <span class="method-name">tearDown</span>
                <span class="method-start">26573 ms</span>
              </div> <!-- configuration-method after -->
            </div> <!-- chronological-class -->
            <div class="chronological-class">
              <div class="chronological-class-name">AdministrationTest.UserTest</div> <!-- chronological-class-name -->
              <div class="configuration-method before">
                <span class="method-name">setup</span>
                <span class="method-start">26686 ms</span>
              </div> <!-- configuration-method before -->
              <div class="configuration-method before">
                <span class="method-name">Login</span>
                <span class="method-start">27910 ms</span>
              </div> <!-- configuration-method before -->
              <div class="test-method">
                <span class="method-name">TS0194</span>
                <span class="method-start">28220 ms</span>
              </div> <!-- test-method -->
              <div class="configuration-method after">
                <span class="method-name">tearDown</span>
                <span class="method-start">41078 ms</span>
              </div> <!-- configuration-method after -->
              <div class="configuration-method before">
                <span class="method-name">setup</span>
                <span class="method-start">41230 ms</span>
              </div> <!-- configuration-method before -->
              <div class="configuration-method before">
                <span class="method-name">Login</span>
                <span class="method-start">42463 ms</span>
              </div> <!-- configuration-method before -->
              <div class="test-method">
                <span class="method-name">TS0195</span>
                <span class="method-start">42697 ms</span>
              </div> <!-- test-method -->
              <div class="configuration-method after">
                <span class="method-name">tearDown</span>
                <span class="method-start">56270 ms</span>
              </div> <!-- configuration-method after -->
              <div class="configuration-method before">
                <span class="method-name">setup</span>
                <span class="method-start">56463 ms</span>
              </div> <!-- configuration-method before -->
              <div class="configuration-method before">
                <span class="method-name">Login</span>
                <span class="method-start">58515 ms</span>
              </div> <!-- configuration-method before -->
              <div class="test-method">
                <span class="method-name">TS0196</span>
                <span class="method-start">58687 ms</span>
              </div> <!-- test-method -->
              <div class="configuration-method after">
                <span class="method-name">tearDown</span>
                <span class="method-start">62722 ms</span>
              </div> <!-- configuration-method after -->
              <div class="configuration-method before">
                <span class="method-name">setup</span>
                <span class="method-start">62909 ms</span>
              </div> <!-- configuration-method before -->
              <div class="configuration-method before">
                <span class="method-name">Login</span>
                <span class="method-start">64143 ms</span>
              </div> <!-- configuration-method before -->
              <div class="test-method">
                <img src="failed.png">
                </img>
                <span class="method-name">TS0197</span>
                <span class="method-start">64313 ms</span>
              </div> <!-- test-method -->
              <div class="configuration-method after">
                <span class="method-name">tearDown</span>
                <span class="method-start">71044 ms</span>
              </div> <!-- configuration-method after -->
              <div class="configuration-method before">
                <span class="method-name">setup</span>
                <span class="method-start">71165 ms</span>
              </div> <!-- configuration-method before -->
              <div class="configuration-method before">
                <span class="method-name">Login</span>
                <span class="method-start">72401 ms</span>
              </div> <!-- configuration-method before -->
              <div class="test-method">
                <img src="failed.png">
                </img>
                <span class="method-name">TS0198</span>
                <span class="method-start">72587 ms</span>
              </div> <!-- test-method -->
              <div class="configuration-method after">
                <span class="method-name">tearDown</span>
                <span class="method-start">78651 ms</span>
              </div> <!-- configuration-method after -->
            </div> <!-- chronological-class -->
            <div class="chronological-class">
              <div class="chronological-class-name">MasterTest.DesginationTest</div> <!-- chronological-class-name -->
              <div class="configuration-method before">
                <span class="method-name">setup</span>
                <span class="method-start">78785 ms</span>
              </div> <!-- configuration-method before -->
              <div class="configuration-method before">
                <span class="method-name">Login</span>
                <span class="method-start">79993 ms</span>
              </div> <!-- configuration-method before -->
              <div class="test-method">
                <span class="method-name">TS0064</span>
                <span class="method-start">80175 ms</span>
              </div> <!-- test-method -->
              <div class="configuration-method after">
                <span class="method-name">tearDown</span>
                <span class="method-start">84943 ms</span>
              </div> <!-- configuration-method after -->
            </div> <!-- chronological-class -->
            <div class="chronological-class">
              <div class="chronological-class-name">MasterTest.DivisionTest</div> <!-- chronological-class-name -->
              <div class="configuration-method before">
                <span class="method-name">setup</span>
                <span class="method-start">85073 ms</span>
              </div> <!-- configuration-method before -->
              <div class="configuration-method before">
                <span class="method-name">Login</span>
                <span class="method-start">86326 ms</span>
              </div> <!-- configuration-method before -->
              <div class="test-method">
                <img src="failed.png">
                </img>
                <span class="method-name">TS0031</span>
                <span class="method-start">86512 ms</span>
              </div> <!-- test-method -->
              <div class="configuration-method after">
                <span class="method-name">tearDown</span>
                <span class="method-start">93473 ms</span>
              </div> <!-- configuration-method after -->
              <div class="configuration-method before">
                <span class="method-name">setup</span>
                <span class="method-start">93602 ms</span>
              </div> <!-- configuration-method before -->
              <div class="configuration-method before">
                <span class="method-name">Login</span>
                <span class="method-start">94797 ms</span>
              </div> <!-- configuration-method before -->
              <div class="test-method">
                <span class="method-name">TS0032</span>
                <span class="method-start">94973 ms</span>
              </div> <!-- test-method -->
              <div class="configuration-method after">
                <span class="method-name">tearDown</span>
                <span class="method-start">99663 ms</span>
              </div> <!-- configuration-method after -->
              <div class="configuration-method before">
                <span class="method-name">setup</span>
                <span class="method-start">99777 ms</span>
              </div> <!-- configuration-method before -->
              <div class="configuration-method before">
                <span class="method-name">Login</span>
                <span class="method-start">100991 ms</span>
              </div> <!-- configuration-method before -->
              <div class="test-method">
                <span class="method-name">TS0033</span>
                <span class="method-start">101241 ms</span>
              </div> <!-- test-method -->
              <div class="configuration-method after">
                <span class="method-name">tearDown</span>
                <span class="method-start">106516 ms</span>
              </div> <!-- configuration-method after -->
              <div class="configuration-method before">
                <span class="method-name">setup</span>
                <span class="method-start">106667 ms</span>
              </div> <!-- configuration-method before -->
              <div class="configuration-method before">
                <span class="method-name">Login</span>
                <span class="method-start">107925 ms</span>
              </div> <!-- configuration-method before -->
              <div class="test-method">
                <span class="method-name">TS0034</span>
                <span class="method-start">108119 ms</span>
              </div> <!-- test-method -->
              <div class="configuration-method after">
                <span class="method-name">tearDown</span>
                <span class="method-start">119486 ms</span>
              </div> <!-- configuration-method after -->
              <div class="configuration-method before">
                <span class="method-name">setup</span>
                <span class="method-start">119718 ms</span>
              </div> <!-- configuration-method before -->
              <div class="configuration-method before">
                <span class="method-name">Login</span>
                <span class="method-start">120975 ms</span>
              </div> <!-- configuration-method before -->
              <div class="test-method">
                <span class="method-name">TS0035</span>
                <span class="method-start">121168 ms</span>
              </div> <!-- test-method -->
              <div class="configuration-method after">
                <span class="method-name">tearDown</span>
                <span class="method-start">132732 ms</span>
              </div> <!-- configuration-method after -->
            </div> <!-- chronological-class -->
            <div class="chronological-class">
              <div class="chronological-class-name">MasterTest.OrganizationTest</div> <!-- chronological-class-name -->
              <div class="configuration-method before">
                <span class="method-name">setup</span>
                <span class="method-start">134409 ms</span>
              </div> <!-- configuration-method before -->
              <div class="configuration-method before">
                <span class="method-name">Login</span>
                <span class="method-start">135657 ms</span>
              </div> <!-- configuration-method before -->
              <div class="test-method">
                <img src="failed.png">
                </img>
                <span class="method-name">TS0019</span>
                <span class="method-start">135838 ms</span>
              </div> <!-- test-method -->
              <div class="configuration-method after">
                <span class="method-name">tearDown</span>
                <span class="method-start">150430 ms</span>
              </div> <!-- configuration-method after -->
              <div class="configuration-method before">
                <span class="method-name">setup</span>
                <span class="method-start">150558 ms</span>
              </div> <!-- configuration-method before -->
              <div class="configuration-method before">
                <span class="method-name">Login</span>
                <span class="method-start">151849 ms</span>
              </div> <!-- configuration-method before -->
              <div class="test-method">
                <span class="method-name">TS0027</span>
                <span class="method-start">152038 ms</span>
              </div> <!-- test-method -->
              <div class="configuration-method after">
                <span class="method-name">tearDown</span>
                <span class="method-start">155640 ms</span>
              </div> <!-- configuration-method after -->
            </div> <!-- chronological-class -->
            <div class="chronological-class">
              <div class="chronological-class-name">MasterTest.SubDepartmentTest</div> <!-- chronological-class-name -->
              <div class="configuration-method before">
                <span class="method-name">setup</span>
                <span class="method-start">155805 ms</span>
              </div> <!-- configuration-method before -->
              <div class="configuration-method before">
                <span class="method-name">Login</span>
                <span class="method-start">157162 ms</span>
              </div> <!-- configuration-method before -->
              <div class="test-method">
                <span class="method-name">TS0053</span>
                <span class="method-start">157359 ms</span>
              </div> <!-- test-method -->
              <div class="configuration-method after">
                <span class="method-name">tearDown</span>
                <span class="method-start">159039 ms</span>
              </div> <!-- configuration-method after -->
              <div class="configuration-method before">
                <span class="method-name">setup</span>
                <span class="method-start">159159 ms</span>
              </div> <!-- configuration-method before -->
              <div class="configuration-method before">
                <span class="method-name">Login</span>
                <span class="method-start">160372 ms</span>
              </div> <!-- configuration-method before -->
              <div class="test-method">
                <span class="method-name">TS0058</span>
                <span class="method-start">160613 ms</span>
              </div> <!-- test-method -->
              <div class="configuration-method after">
                <span class="method-name">tearDown</span>
                <span class="method-start">162170 ms</span>
              </div> <!-- configuration-method after -->
          </div> <!-- main-panel-content rounded-window-bottom -->
        </div> <!-- panel -->
      </div> <!-- main-panel-root -->
    </div> <!-- wrapper -->
  </body>
<script type="text/javascript" src="testng-reports2.js"></script>
</html>
