<?xml version="1.0" encoding="UTF-8"?>
<testng-results ignored="0" total="1" passed="0" failed="1" skipped="0">
  <reporter-output>
  </reporter-output>
  <suite started-at="2025-12-30T16:15:14 IST" name="Default suite" finished-at="2025-12-30T16:15:33 IST" duration-ms="18420">
    <groups>
      <group name="Master">
        <method signature="UserTest.TS0198()[pri:5, instance:AdministrationTest.UserTest@79e4c792]" name="TS0198" class="AdministrationTest.UserTest"/>
      </group> <!-- Master -->
    </groups>
    <test started-at="2025-12-30T16:15:14 IST" name="Default test" finished-at="2025-12-30T16:15:33 IST" duration-ms="18420">
      <class name="AdministrationTest.UserTest">
        <test-method is-config="true" signature="Login()[pri:0, instance:AdministrationTest.UserTest@79e4c792]" started-at="2025-12-30T16:15:14 IST" name="Login" finished-at="2025-12-30T16:15:21 IST" duration-ms="6192" status="PASS">
          <reporter-output>
          </reporter-output>
        </test-method> <!-- Login -->
        <test-method signature="TS0198()[pri:5, instance:AdministrationTest.UserTest@79e4c792]" started-at="2025-12-30T16:15:21 IST" name="TS0198" finished-at="2025-12-30T16:15:33 IST" duration-ms="12046" status="FAIL">
          <exception class="org.openqa.selenium.ElementNotInteractableException">
            <message>
              <![CDATA[element not interactable
  (Session info: chrome=143.0.7499.170)
Build info: version: '4.27.0', revision: 'd6e718d134'
System info: os.name: 'Windows 10', os.arch: 'amd64', os.version: '10.0', java.version: '17.0.16'
Driver info: org.openqa.selenium.chrome.ChromeDriver
Command: [ebf9740b7728fca870b963a63bcdb030, clickElement {id=f.997EAFDB8DCD20040B03021C46AC7010.d.EB4F7EAD5D7B867D3BB2991C3396E8DE.e.69}]
Capabilities {acceptInsecureCerts: false, browserName: chrome, browserVersion: 143.0.7499.170, chrome: {chromedriverVersion: 143.0.7499.169 (164b20aab62..., userDataDir: C:\Users\test2\AppData\Loca...}, fedcm:accounts: true, goog:chromeOptions: {debuggerAddress: localhost:50484}, goog:processID: 25848, networkConnectionEnabled: false, pageLoadStrategy: normal, platformName: windows, proxy: Proxy(), se:cdp: ws://localhost:50484/devtoo..., se:cdpVersion: 143.0.7499.170, setWindowRect: true, strictFileInteractability: false, timeouts: {implicit: 0, pageLoad: 300000, script: 30000}, unhandledPromptBehavior: dismiss and notify, webauthn:extension:credBlob: true, webauthn:extension:largeBlob: true, webauthn:extension:minPinLength: true, webauthn:extension:prf: true, webauthn:virtualAuthenticators: true}
Element: [[ChromeDriver: chrome on windows (ebf9740b7728fca870b963a63bcdb030)] -> xpath: //span[normalize-space()='Administration']]
Session ID: ebf9740b7728fca870b963a63bcdb030]]>
            </message>
            <full-stacktrace>
              <![CDATA[org.openqa.selenium.ElementNotInteractableException: element not interactable
  (Session info: chrome=143.0.7499.170)
Build info: version: '4.27.0', revision: 'd6e718d134'
System info: os.name: 'Windows 10', os.arch: 'amd64', os.version: '10.0', java.version: '17.0.16'
Driver info: org.openqa.selenium.chrome.ChromeDriver
Command: [ebf9740b7728fca870b963a63bcdb030, clickElement {id=f.997EAFDB8DCD20040B03021C46AC7010.d.EB4F7EAD5D7B867D3BB2991C3396E8DE.e.69}]
Capabilities {acceptInsecureCerts: false, browserName: chrome, browserVersion: 143.0.7499.170, chrome: {chromedriverVersion: 143.0.7499.169 (164b20aab62..., userDataDir: C:\Users\test2\AppData\Loca...}, fedcm:accounts: true, goog:chromeOptions: {debuggerAddress: localhost:50484}, goog:processID: 25848, networkConnectionEnabled: false, pageLoadStrategy: normal, platformName: windows, proxy: Proxy(), se:cdp: ws://localhost:50484/devtoo..., se:cdpVersion: 143.0.7499.170, setWindowRect: true, strictFileInteractability: false, timeouts: {implicit: 0, pageLoad: 300000, script: 30000}, unhandledPromptBehavior: dismiss and notify, webauthn:extension:credBlob: true, webauthn:extension:largeBlob: true, webauthn:extension:minPinLength: true, webauthn:extension:prf: true, webauthn:virtualAuthenticators: true}
Element: [[ChromeDriver: chrome on windows (ebf9740b7728fca870b963a63bcdb030)] -> xpath: //span[normalize-space()='Administration']]
Session ID: ebf9740b7728fca870b963a63bcdb030
at java.base/jdk.internal.reflect.NativeConstructorAccessorImpl.newInstance0(Native Method)
at java.base/jdk.internal.reflect.NativeConstructorAccessorImpl.newInstance(NativeConstructorAccessorImpl.java:77)
at java.base/jdk.internal.reflect.DelegatingConstructorAccessorImpl.newInstance(DelegatingConstructorAccessorImpl.java:45)
at java.base/java.lang.reflect.Constructor.newInstanceWithCaller(Constructor.java:500)
at java.base/java.lang.reflect.Constructor.newInstance(Constructor.java:481)
at org.openqa.selenium.remote.ErrorCodec.decode(ErrorCodec.java:167)
at org.openqa.selenium.remote.codec.w3c.W3CHttpResponseCodec.decode(W3CHttpResponseCodec.java:138)
at org.openqa.selenium.remote.codec.w3c.W3CHttpResponseCodec.decode(W3CHttpResponseCodec.java:50)
at org.openqa.selenium.remote.HttpCommandExecutor.execute(HttpCommandExecutor.java:190)
at org.openqa.selenium.remote.service.DriverCommandExecutor.invokeExecute(DriverCommandExecutor.java:216)
at org.openqa.selenium.remote.service.DriverCommandExecutor.execute(DriverCommandExecutor.java:174)
at org.openqa.selenium.remote.RemoteWebDriver.execute(RemoteWebDriver.java:545)
at org.openqa.selenium.remote.RemoteWebElement.execute(RemoteWebElement.java:223)
at org.openqa.selenium.remote.RemoteWebElement.click(RemoteWebElement.java:76)
at AdministrationPage.UserPage.InitialStep(UserPage.java:66)
at AdministrationPage.UserPage.DeleteUser(UserPage.java:305)
at AdministrationTest.UserTest.TS0198(UserTest.java:80)
at java.base/jdk.internal.reflect.NativeMethodAccessorImpl.invoke0(Native Method)
at java.base/jdk.internal.reflect.NativeMethodAccessorImpl.invoke(NativeMethodAccessorImpl.java:77)
at java.base/jdk.internal.reflect.DelegatingMethodAccessorImpl.invoke(DelegatingMethodAccessorImpl.java:43)
at java.base/java.lang.reflect.Method.invoke(Method.java:569)
at org.testng.internal.invokers.MethodInvocationHelper.invokeMethod(MethodInvocationHelper.java:141)
at org.testng.internal.invokers.TestInvoker.invokeMethod(TestInvoker.java:686)
at org.testng.internal.invokers.TestInvoker.invokeTestMethod(TestInvoker.java:230)
at org.testng.internal.invokers.MethodRunner.runInSequence(MethodRunner.java:63)
at org.testng.internal.invokers.TestInvoker$MethodInvocationAgent.invoke(TestInvoker.java:992)
at org.testng.internal.invokers.TestInvoker.invokeTestMethods(TestInvoker.java:203)
at org.testng.internal.invokers.TestMethodWorker.invokeTestMethods(TestMethodWorker.java:154)
at org.testng.internal.invokers.TestMethodWorker.run(TestMethodWorker.java:134)
at java.base/java.util.ArrayList.forEach(ArrayList.java:1511)
at org.testng.TestRunner.privateRun(TestRunner.java:739)
at org.testng.TestRunner.run(TestRunner.java:614)
at org.testng.SuiteRunner.runTest(SuiteRunner.java:421)
at org.testng.SuiteRunner.runSequentially(SuiteRunner.java:413)
at org.testng.SuiteRunner.privateRun(SuiteRunner.java:373)
at org.testng.SuiteRunner.run(SuiteRunner.java:312)
at org.testng.SuiteRunnerWorker.runSuite(SuiteRunnerWorker.java:52)
at org.testng.SuiteRunnerWorker.run(SuiteRunnerWorker.java:95)
at org.testng.TestNG.runSuitesSequentially(TestNG.java:1274)
at org.testng.TestNG.runSuitesLocally(TestNG.java:1208)
at org.testng.TestNG.runSuites(TestNG.java:1112)
at org.testng.TestNG.run(TestNG.java:1079)
at org.testng.remote.AbstractRemoteTestNG.run(AbstractRemoteTestNG.java:115)
at org.testng.remote.RemoteTestNG.initAndRun(RemoteTestNG.java:293)
at org.testng.remote.RemoteTestNG.main(RemoteTestNG.java:91)
]]>
            </full-stacktrace>
          </exception> <!-- org.openqa.selenium.ElementNotInteractableException -->
          <reporter-output>
          </reporter-output>
        </test-method> <!-- TS0198 -->
        <test-method is-config="true" signature="teardown()[pri:0, instance:AdministrationTest.UserTest@79e4c792]" started-at="2025-12-30T16:15:33 IST" name="teardown" finished-at="2025-12-30T16:15:33 IST" duration-ms="140" status="PASS">
          <reporter-output>
          </reporter-output>
        </test-method> <!-- teardown -->
      </class> <!-- AdministrationTest.UserTest -->
    </test> <!-- Default test -->
  </suite> <!-- Default suite -->
</testng-results>
