<?xml version="1.0" encoding="UTF-8"?>
<testng-results ignored="0" total="2" passed="2" failed="0" skipped="0">
  <reporter-output>
  </reporter-output>
  <suite started-at="2026-01-09T16:34:09 IST" name="Default suite" finished-at="2026-01-09T16:34:41 IST" duration-ms="31814">
    <groups>
      <group name="master">
        <method signature="TransactionalEventTest.TS0157()[pri:0, instance:ReportsTestCases.TransactionalEventTest@6892b3b6]" name="TS0157" class="ReportsTestCases.TransactionalEventTest"/>
        <method signature="TransactionalEventTest.TS0158()[pri:0, instance:ReportsTestCases.TransactionalEventTest@6892b3b6]" name="TS0158" class="ReportsTestCases.TransactionalEventTest"/>
      </group> <!-- master -->
    </groups>
    <test started-at="2026-01-09T16:34:09 IST" name="Default test" finished-at="2026-01-09T16:34:41 IST" duration-ms="31814">
      <class name="ReportsTestCases.TransactionalEventTest">
        <test-method is-config="true" signature="Login()[pri:0, instance:ReportsTestCases.TransactionalEventTest@6892b3b6]" started-at="2026-01-09T16:34:09 IST" name="Login" finished-at="2026-01-09T16:34:11 IST" duration-ms="2307" status="PASS">
          <reporter-output>
          </reporter-output>
        </test-method> <!-- Login -->
        <test-method signature="TS0157()[pri:0, instance:ReportsTestCases.TransactionalEventTest@6892b3b6]" started-at="2026-01-09T16:34:11 IST" name="TS0157" finished-at="2026-01-09T16:34:25 IST" duration-ms="14036" status="PASS">
          <reporter-output>
          </reporter-output>
        </test-method> <!-- TS0157 -->
        <test-method is-config="true" signature="TearDown()[pri:0, instance:ReportsTestCases.TransactionalEventTest@6892b3b6]" started-at="2026-01-09T16:34:25 IST" name="TearDown" finished-at="2026-01-09T16:34:26 IST" duration-ms="155" status="PASS">
          <reporter-output>
          </reporter-output>
        </test-method> <!-- TearDown -->
        <test-method is-config="true" signature="Login()[pri:0, instance:ReportsTestCases.TransactionalEventTest@6892b3b6]" started-at="2026-01-09T16:34:26 IST" name="Login" finished-at="2026-01-09T16:34:27 IST" duration-ms="1483" status="PASS">
          <reporter-output>
          </reporter-output>
        </test-method> <!-- Login -->
        <test-method signature="TS0158()[pri:0, instance:ReportsTestCases.TransactionalEventTest@6892b3b6]" started-at="2026-01-09T16:34:27 IST" name="TS0158" finished-at="2026-01-09T16:34:41 IST" duration-ms="13628" status="PASS">
          <reporter-output>
          </reporter-output>
        </test-method> <!-- TS0158 -->
        <test-method is-config="true" signature="TearDown()[pri:0, instance:ReportsTestCases.TransactionalEventTest@6892b3b6]" started-at="2026-01-09T16:34:41 IST" name="TearDown" finished-at="2026-01-09T16:34:41 IST" duration-ms="151" status="PASS">
          <reporter-output>
          </reporter-output>
        </test-method> <!-- TearDown -->
      </class> <!-- ReportsTestCases.TransactionalEventTest -->
    </test> <!-- Default test -->
  </suite> <!-- Default suite -->
</testng-results>
