<?xml version="1.0" encoding="UTF-8"?>
<testng-results ignored="0" total="20" passed="14" failed="6" skipped="0">
  <reporter-output>
  </reporter-output>
  <suite started-at="2026-01-17T16:24:06 IST" name="regression Test Suite" finished-at="2026-01-17T16:26:48 IST" duration-ms="162346">
    <groups>
      <group name="functional">
        <method signature="UserTest.TS0194()[pri:0, instance:AdministrationTest.UserTest@475c9c31]" name="TS0194" class="AdministrationTest.UserTest"/>
        <method signature="UserTest.TS0195()[pri:0, instance:AdministrationTest.UserTest@475c9c31]" name="TS0195" class="AdministrationTest.UserTest"/>
        <method signature="UserTest.TS0197()[pri:0, instance:AdministrationTest.UserTest@475c9c31]" name="TS0197" class="AdministrationTest.UserTest"/>
        <method signature="UserTest.TS0198()[pri:0, instance:AdministrationTest.UserTest@475c9c31]" name="TS0198" class="AdministrationTest.UserTest"/>
        <method signature="ExternalEmployeeTest.AddExternalEmp()[pri:0, instance:ExternalEmployeeTest.ExternalEmployeeTest@626abbd0]" name="AddExternalEmp" class="ExternalEmployeeTest.ExternalEmployeeTest"/>
        <method signature="DivisionTest.TS0031()[pri:0, instance:MasterTest.DivisionTest@46d59067]" name="TS0031" class="MasterTest.DivisionTest"/>
        <method signature="DivisionTest.TS0033()[pri:0, instance:MasterTest.DivisionTest@46d59067]" name="TS0033" class="MasterTest.DivisionTest"/>
        <method signature="DivisionTest.TS0034()[pri:0, instance:MasterTest.DivisionTest@46d59067]" name="TS0034" class="MasterTest.DivisionTest"/>
        <method signature="DivisionTest.TS0035()[pri:0, instance:MasterTest.DivisionTest@46d59067]" name="TS0035" class="MasterTest.DivisionTest"/>
      </group> <!-- functional -->
      <group name="regression">
        <method signature="UserTest.TS0194()[pri:0, instance:AdministrationTest.UserTest@475c9c31]" name="TS0194" class="AdministrationTest.UserTest"/>
        <method signature="UserTest.TS0195()[pri:0, instance:AdministrationTest.UserTest@475c9c31]" name="TS0195" class="AdministrationTest.UserTest"/>
        <method signature="UserTest.TS0196()[pri:0, instance:AdministrationTest.UserTest@475c9c31]" name="TS0196" class="AdministrationTest.UserTest"/>
        <method signature="UserTest.TS0197()[pri:0, instance:AdministrationTest.UserTest@475c9c31]" name="TS0197" class="AdministrationTest.UserTest"/>
        <method signature="UserTest.TS0198()[pri:0, instance:AdministrationTest.UserTest@475c9c31]" name="TS0198" class="AdministrationTest.UserTest"/>
        <method signature="ExternalEmployeeTest.AddExternalEmp()[pri:0, instance:ExternalEmployeeTest.ExternalEmployeeTest@626abbd0]" name="AddExternalEmp" class="ExternalEmployeeTest.ExternalEmployeeTest"/>
        <method signature="CityTest.TS0083()[pri:0, instance:MasterTest.CityTest@169bb4dd]" name="TS0083" class="MasterTest.CityTest"/>
        <method signature="CityTest.TS0086()[pri:0, instance:MasterTest.CityTest@169bb4dd]" name="TS0086" class="MasterTest.CityTest"/>
        <method signature="CityTest.TS0087()[pri:0, instance:MasterTest.CityTest@169bb4dd]" name="TS0087" class="MasterTest.CityTest"/>
        <method signature="CityTest.TS0088()[pri:0, instance:MasterTest.CityTest@169bb4dd]" name="TS0088" class="MasterTest.CityTest"/>
        <method signature="DesginationTest.TS0064()[pri:0, instance:MasterTest.DesginationTest@d23e042]" name="TS0064" class="MasterTest.DesginationTest"/>
        <method signature="DivisionTest.TS0031()[pri:0, instance:MasterTest.DivisionTest@46d59067]" name="TS0031" class="MasterTest.DivisionTest"/>
        <method signature="DivisionTest.TS0032()[pri:0, instance:MasterTest.DivisionTest@46d59067]" name="TS0032" class="MasterTest.DivisionTest"/>
        <method signature="DivisionTest.TS0033()[pri:0, instance:MasterTest.DivisionTest@46d59067]" name="TS0033" class="MasterTest.DivisionTest"/>
        <method signature="DivisionTest.TS0034()[pri:0, instance:MasterTest.DivisionTest@46d59067]" name="TS0034" class="MasterTest.DivisionTest"/>
        <method signature="DivisionTest.TS0035()[pri:0, instance:MasterTest.DivisionTest@46d59067]" name="TS0035" class="MasterTest.DivisionTest"/>
        <method signature="OrganizationTest.TS0019()[pri:0, instance:MasterTest.OrganizationTest@14dd7b39]" name="TS0019" class="MasterTest.OrganizationTest"/>
        <method signature="OrganizationTest.TS0027()[pri:0, instance:MasterTest.OrganizationTest@14dd7b39]" name="TS0027" class="MasterTest.OrganizationTest"/>
        <method signature="SubDepartmentTest.TS0053()[pri:0, instance:MasterTest.SubDepartmentTest@5dafbe45]" name="TS0053" class="MasterTest.SubDepartmentTest"/>
        <method signature="SubDepartmentTest.TS0058()[pri:0, instance:MasterTest.SubDepartmentTest@5dafbe45]" name="TS0058" class="MasterTest.SubDepartmentTest"/>
      </group> <!-- regression -->
    </groups>
    <test started-at="2026-01-17T16:24:06 IST" name="Run All regression Tests" finished-at="2026-01-17T16:26:48 IST" duration-ms="162346">
      <class name="MasterTest.SubDepartmentTest">
        <test-method is-config="true" signature="setup()[pri:0, instance:MasterTest.SubDepartmentTest@5dafbe45]" started-at="2026-01-17T16:26:42 IST" name="setup" finished-at="2026-01-17T16:26:43 IST" duration-ms="1357" status="PASS">
          <reporter-output>
          </reporter-output>
        </test-method> <!-- setup -->
        <test-method is-config="true" signature="Login()[pri:0, instance:MasterTest.SubDepartmentTest@5dafbe45]" started-at="2026-01-17T16:26:43 IST" name="Login" finished-at="2026-01-17T16:26:43 IST" duration-ms="197" status="PASS">
          <reporter-output>
          </reporter-output>
        </test-method> <!-- Login -->
        <test-method signature="TS0053()[pri:0, instance:MasterTest.SubDepartmentTest@5dafbe45]" started-at="2026-01-17T16:26:43 IST" name="TS0053" finished-at="2026-01-17T16:26:45 IST" duration-ms="1680" status="PASS">
          <reporter-output>
          </reporter-output>
        </test-method> <!-- TS0053 -->
        <test-method is-config="true" signature="tearDown()[pri:0, instance:MasterTest.SubDepartmentTest@5dafbe45]" started-at="2026-01-17T16:26:45 IST" name="tearDown" finished-at="2026-01-17T16:26:45 IST" duration-ms="119" status="PASS">
          <reporter-output>
          </reporter-output>
        </test-method> <!-- tearDown -->
        <test-method is-config="true" signature="setup()[pri:0, instance:MasterTest.SubDepartmentTest@5dafbe45]" started-at="2026-01-17T16:26:45 IST" name="setup" finished-at="2026-01-17T16:26:46 IST" duration-ms="1213" status="PASS">
          <reporter-output>
          </reporter-output>
        </test-method> <!-- setup -->
        <test-method is-config="true" signature="Login()[pri:0, instance:MasterTest.SubDepartmentTest@5dafbe45]" started-at="2026-01-17T16:26:46 IST" name="Login" finished-at="2026-01-17T16:26:47 IST" duration-ms="241" status="PASS">
          <reporter-output>
          </reporter-output>
        </test-method> <!-- Login -->
        <test-method signature="TS0058()[pri:0, instance:MasterTest.SubDepartmentTest@5dafbe45]" started-at="2026-01-17T16:26:47 IST" name="TS0058" finished-at="2026-01-17T16:26:48 IST" duration-ms="1556" status="PASS">
          <reporter-output>
          </reporter-output>
        </test-method> <!-- TS0058 -->
        <test-method is-config="true" signature="tearDown()[pri:0, instance:MasterTest.SubDepartmentTest@5dafbe45]" started-at="2026-01-17T16:26:48 IST" name="tearDown" finished-at="2026-01-17T16:26:48 IST" duration-ms="118" status="PASS">
          <reporter-output>
          </reporter-output>
        </test-method> <!-- tearDown -->
      </class> <!-- MasterTest.SubDepartmentTest -->
      <class name="MasterTest.CityTest">
        <test-method is-config="true" signature="setup()[pri:0, instance:MasterTest.CityTest@169bb4dd]" started-at="2026-01-17T16:24:12 IST" name="setup" finished-at="2026-01-17T16:24:13 IST" duration-ms="1222" status="PASS">
          <reporter-output>
          </reporter-output>
        </test-method> <!-- setup -->
        <test-method is-config="true" signature="Login()[pri:0, instance:MasterTest.CityTest@169bb4dd]" started-at="2026-01-17T16:24:13 IST" name="Login" finished-at="2026-01-17T16:24:13 IST" duration-ms="500" status="PASS">
          <reporter-output>
          </reporter-output>
        </test-method> <!-- Login -->
        <test-method signature="TS0083()[pri:0, instance:MasterTest.CityTest@169bb4dd]" started-at="2026-01-17T16:24:13 IST" name="TS0083" finished-at="2026-01-17T16:24:16 IST" duration-ms="2889" status="PASS">
          <reporter-output>
          </reporter-output>
        </test-method> <!-- TS0083 -->
        <test-method is-config="true" signature="tearDown()[pri:0, instance:MasterTest.CityTest@169bb4dd]" started-at="2026-01-17T16:24:16 IST" name="tearDown" finished-at="2026-01-17T16:24:16 IST" duration-ms="137" status="PASS">
          <reporter-output>
          </reporter-output>
        </test-method> <!-- tearDown -->
        <test-method is-config="true" signature="setup()[pri:0, instance:MasterTest.CityTest@169bb4dd]" started-at="2026-01-17T16:24:16 IST" name="setup" finished-at="2026-01-17T16:24:18 IST" duration-ms="1184" status="PASS">
          <reporter-output>
          </reporter-output>
        </test-method> <!-- setup -->
        <test-method is-config="true" signature="Login()[pri:0, instance:MasterTest.CityTest@169bb4dd]" started-at="2026-01-17T16:24:18 IST" name="Login" finished-at="2026-01-17T16:24:18 IST" duration-ms="196" status="PASS">
          <reporter-output>
          </reporter-output>
        </test-method> <!-- Login -->
        <test-method signature="TS0086()[pri:0, instance:MasterTest.CityTest@169bb4dd]" started-at="2026-01-17T16:24:18 IST" name="TS0086" finished-at="2026-01-17T16:24:19 IST" duration-ms="1578" status="PASS">
          <reporter-output>
          </reporter-output>
        </test-method> <!-- TS0086 -->
        <test-method is-config="true" signature="tearDown()[pri:0, instance:MasterTest.CityTest@169bb4dd]" started-at="2026-01-17T16:24:19 IST" name="tearDown" finished-at="2026-01-17T16:24:20 IST" duration-ms="116" status="PASS">
          <reporter-output>
          </reporter-output>
        </test-method> <!-- tearDown -->
        <test-method is-config="true" signature="setup()[pri:0, instance:MasterTest.CityTest@169bb4dd]" started-at="2026-01-17T16:24:20 IST" name="setup" finished-at="2026-01-17T16:24:21 IST" duration-ms="1269" status="PASS">
          <reporter-output>
          </reporter-output>
        </test-method> <!-- setup -->
        <test-method is-config="true" signature="Login()[pri:0, instance:MasterTest.CityTest@169bb4dd]" started-at="2026-01-17T16:24:21 IST" name="Login" finished-at="2026-01-17T16:24:21 IST" duration-ms="241" status="PASS">
          <reporter-output>
          </reporter-output>
        </test-method> <!-- Login -->
        <test-method signature="TS0087()[pri:0, instance:MasterTest.CityTest@169bb4dd]" started-at="2026-01-17T16:24:21 IST" name="TS0087" finished-at="2026-01-17T16:24:28 IST" duration-ms="7408" status="FAIL">
          <exception class="java.lang.AssertionError">
            <message>
              <![CDATA[City found in search in other company expected [false] but found [true]]]>
            </message>
            <full-stacktrace>
              <![CDATA[java.lang.AssertionError: City found in search in other company expected [false] but found [true]
at org.testng.Assert.fail(Assert.java:111)
at org.testng.Assert.failNotEquals(Assert.java:1578)
at org.testng.Assert.assertFalse(Assert.java:79)
at MasterPage.CityPage.VerifyAccrossCompanies(CityPage.java:207)
at MasterTest.CityTest.TS0087(CityTest.java:71)
at java.base/jdk.internal.reflect.NativeMethodAccessorImpl.invoke0(Native Method)
at java.base/jdk.internal.reflect.NativeMethodAccessorImpl.invoke(NativeMethodAccessorImpl.java:77)
at java.base/jdk.internal.reflect.DelegatingMethodAccessorImpl.invoke(DelegatingMethodAccessorImpl.java:43)
at java.base/java.lang.reflect.Method.invoke(Method.java:569)
at org.testng.internal.invokers.MethodInvocationHelper.invokeMethod(MethodInvocationHelper.java:141)
at org.testng.internal.invokers.TestInvoker.invokeMethod(TestInvoker.java:686)
at org.testng.internal.invokers.TestInvoker.invokeTestMethod(TestInvoker.java:230)
at org.testng.internal.invokers.MethodRunner.runInSequence(MethodRunner.java:63)
at org.testng.internal.invokers.TestInvoker$MethodInvocationAgent.invoke(TestInvoker.java:992)
at org.testng.internal.invokers.TestInvoker.invokeTestMethods(TestInvoker.java:203)
at org.testng.internal.invokers.TestMethodWorker.invokeTestMethods(TestMethodWorker.java:154)
at org.testng.internal.invokers.TestMethodWorker.run(TestMethodWorker.java:134)
at java.base/java.util.ArrayList.forEach(ArrayList.java:1511)
at org.testng.TestRunner.privateRun(TestRunner.java:739)
at org.testng.TestRunner.run(TestRunner.java:614)
at org.testng.SuiteRunner.runTest(SuiteRunner.java:421)
at org.testng.SuiteRunner.runSequentially(SuiteRunner.java:413)
at org.testng.SuiteRunner.privateRun(SuiteRunner.java:373)
at org.testng.SuiteRunner.run(SuiteRunner.java:312)
at org.testng.SuiteRunnerWorker.runSuite(SuiteRunnerWorker.java:52)
at org.testng.SuiteRunnerWorker.run(SuiteRunnerWorker.java:95)
at org.testng.TestNG.runSuitesSequentially(TestNG.java:1274)
at org.testng.TestNG.runSuitesLocally(TestNG.java:1208)
at org.testng.TestNG.runSuites(TestNG.java:1112)
at org.testng.TestNG.run(TestNG.java:1079)
at org.testng.remote.AbstractRemoteTestNG.run(AbstractRemoteTestNG.java:115)
at org.testng.remote.RemoteTestNG.initAndRun(RemoteTestNG.java:293)
at org.testng.remote.RemoteTestNG.main(RemoteTestNG.java:91)
]]>
            </full-stacktrace>
          </exception> <!-- java.lang.AssertionError -->
          <reporter-output>
          </reporter-output>
        </test-method> <!-- TS0087 -->
        <test-method is-config="true" signature="tearDown()[pri:0, instance:MasterTest.CityTest@169bb4dd]" started-at="2026-01-17T16:24:28 IST" name="tearDown" finished-at="2026-01-17T16:24:29 IST" duration-ms="138" status="PASS">
          <reporter-output>
          </reporter-output>
        </test-method> <!-- tearDown -->
        <test-method is-config="true" signature="setup()[pri:0, instance:MasterTest.CityTest@169bb4dd]" started-at="2026-01-17T16:24:29 IST" name="setup" finished-at="2026-01-17T16:24:30 IST" duration-ms="1268" status="PASS">
          <reporter-output>
          </reporter-output>
        </test-method> <!-- setup -->
        <test-method is-config="true" signature="Login()[pri:0, instance:MasterTest.CityTest@169bb4dd]" started-at="2026-01-17T16:24:30 IST" name="Login" finished-at="2026-01-17T16:24:30 IST" duration-ms="221" status="PASS">
          <reporter-output>
          </reporter-output>
        </test-method> <!-- Login -->
        <test-method signature="TS0088()[pri:0, instance:MasterTest.CityTest@169bb4dd]" started-at="2026-01-17T16:24:30 IST" name="TS0088" finished-at="2026-01-17T16:24:33 IST" duration-ms="2397" status="PASS">
          <reporter-output>
          </reporter-output>
        </test-method> <!-- TS0088 -->
        <test-method is-config="true" signature="tearDown()[pri:0, instance:MasterTest.CityTest@169bb4dd]" started-at="2026-01-17T16:24:33 IST" name="tearDown" finished-at="2026-01-17T16:24:33 IST" duration-ms="112" status="PASS">
          <reporter-output>
          </reporter-output>
        </test-method> <!-- tearDown -->
      </class> <!-- MasterTest.CityTest -->
      <class name="MasterTest.DesginationTest">
        <test-method is-config="true" signature="setup()[pri:0, instance:MasterTest.DesginationTest@d23e042]" started-at="2026-01-17T16:25:25 IST" name="setup" finished-at="2026-01-17T16:25:26 IST" duration-ms="1207" status="PASS">
          <reporter-output>
          </reporter-output>
        </test-method> <!-- setup -->
        <test-method is-config="true" signature="Login()[pri:0, instance:MasterTest.DesginationTest@d23e042]" started-at="2026-01-17T16:25:26 IST" name="Login" finished-at="2026-01-17T16:25:26 IST" duration-ms="182" status="PASS">
          <reporter-output>
          </reporter-output>
        </test-method> <!-- Login -->
        <test-method signature="TS0064()[pri:0, instance:MasterTest.DesginationTest@d23e042]" started-at="2026-01-17T16:25:26 IST" name="TS0064" finished-at="2026-01-17T16:25:31 IST" duration-ms="4767" status="PASS">
          <reporter-output>
          </reporter-output>
        </test-method> <!-- TS0064 -->
        <test-method is-config="true" signature="tearDown()[pri:0, instance:MasterTest.DesginationTest@d23e042]" started-at="2026-01-17T16:25:31 IST" name="tearDown" finished-at="2026-01-17T16:25:31 IST" duration-ms="129" status="PASS">
          <reporter-output>
          </reporter-output>
        </test-method> <!-- tearDown -->
      </class> <!-- MasterTest.DesginationTest -->
      <class name="ExternalEmployeeTest.ExternalEmployeeTest">
        <test-method is-config="true" signature="setup()[pri:0, instance:ExternalEmployeeTest.ExternalEmployeeTest@626abbd0]" started-at="2026-01-17T16:24:06 IST" name="setup" finished-at="2026-01-17T16:24:12 IST" duration-ms="5630" status="PASS">
          <reporter-output>
          </reporter-output>
        </test-method> <!-- setup -->
        <test-method signature="AddExternalEmp()[pri:0, instance:ExternalEmployeeTest.ExternalEmployeeTest@626abbd0]" started-at="2026-01-17T16:24:12 IST" name="AddExternalEmp" finished-at="2026-01-17T16:24:12 IST" duration-ms="27" status="FAIL">
          <exception class="java.lang.NullPointerException">
            <message>
              <![CDATA[Cannot invoke "ExternalEmployeePage.ExternalEmoployees.AddEMP(String, String, String, String, String, String, String, String, String, String, String, String, String, String, String, String, String, String, String, String, String, String, String, String, String, String, String, String)" because "this.EP" is null]]>
            </message>
            <full-stacktrace>
              <![CDATA[java.lang.NullPointerException: Cannot invoke "ExternalEmployeePage.ExternalEmoployees.AddEMP(String, String, String, String, String, String, String, String, String, String, String, String, String, String, String, String, String, String, String, String, String, String, String, String, String, String, String, String)" because "this.EP" is null
at ExternalEmployeeTest.ExternalEmployeeTest.AddExternalEmp(ExternalEmployeeTest.java:72)
at java.base/jdk.internal.reflect.NativeMethodAccessorImpl.invoke0(Native Method)
at java.base/jdk.internal.reflect.NativeMethodAccessorImpl.invoke(NativeMethodAccessorImpl.java:77)
at java.base/jdk.internal.reflect.DelegatingMethodAccessorImpl.invoke(DelegatingMethodAccessorImpl.java:43)
at java.base/java.lang.reflect.Method.invoke(Method.java:569)
at org.testng.internal.invokers.MethodInvocationHelper.invokeMethod(MethodInvocationHelper.java:141)
at org.testng.internal.invokers.TestInvoker.invokeMethod(TestInvoker.java:686)
at org.testng.internal.invokers.TestInvoker.invokeTestMethod(TestInvoker.java:230)
at org.testng.internal.invokers.MethodRunner.runInSequence(MethodRunner.java:63)
at org.testng.internal.invokers.TestInvoker$MethodInvocationAgent.invoke(TestInvoker.java:992)
at org.testng.internal.invokers.TestInvoker.invokeTestMethods(TestInvoker.java:203)
at org.testng.internal.invokers.TestMethodWorker.invokeTestMethods(TestMethodWorker.java:154)
at org.testng.internal.invokers.TestMethodWorker.run(TestMethodWorker.java:134)
at java.base/java.util.ArrayList.forEach(ArrayList.java:1511)
at org.testng.TestRunner.privateRun(TestRunner.java:739)
at org.testng.TestRunner.run(TestRunner.java:614)
at org.testng.SuiteRunner.runTest(SuiteRunner.java:421)
at org.testng.SuiteRunner.runSequentially(SuiteRunner.java:413)
at org.testng.SuiteRunner.privateRun(SuiteRunner.java:373)
at org.testng.SuiteRunner.run(SuiteRunner.java:312)
at org.testng.SuiteRunnerWorker.runSuite(SuiteRunnerWorker.java:52)
at org.testng.SuiteRunnerWorker.run(SuiteRunnerWorker.java:95)
at org.testng.TestNG.runSuitesSequentially(TestNG.java:1274)
at org.testng.TestNG.runSuitesLocally(TestNG.java:1208)
at org.testng.TestNG.runSuites(TestNG.java:1112)
at org.testng.TestNG.run(TestNG.java:1079)
at org.testng.remote.AbstractRemoteTestNG.run(AbstractRemoteTestNG.java:115)
at org.testng.remote.RemoteTestNG.initAndRun(RemoteTestNG.java:293)
at org.testng.remote.RemoteTestNG.main(RemoteTestNG.java:91)
]]>
            </full-stacktrace>
          </exception> <!-- java.lang.NullPointerException -->
          <reporter-output>
          </reporter-output>
        </test-method> <!-- AddExternalEmp -->
        <test-method is-config="true" signature="tearDown()[pri:0, instance:ExternalEmployeeTest.ExternalEmployeeTest@626abbd0]" started-at="2026-01-17T16:24:12 IST" name="tearDown" finished-at="2026-01-17T16:24:12 IST" duration-ms="129" status="PASS">
          <reporter-output>
          </reporter-output>
        </test-method> <!-- tearDown -->
      </class> <!-- ExternalEmployeeTest.ExternalEmployeeTest -->
      <class name="MasterTest.OrganizationTest">
        <test-method is-config="true" signature="setup()[pri:0, instance:MasterTest.OrganizationTest@14dd7b39]" started-at="2026-01-17T16:26:20 IST" name="setup" finished-at="2026-01-17T16:26:22 IST" duration-ms="1248" status="PASS">
          <reporter-output>
          </reporter-output>
        </test-method> <!-- setup -->
        <test-method is-config="true" signature="Login()[pri:0, instance:MasterTest.OrganizationTest@14dd7b39]" started-at="2026-01-17T16:26:22 IST" name="Login" finished-at="2026-01-17T16:26:22 IST" duration-ms="181" status="PASS">
          <reporter-output>
          </reporter-output>
        </test-method> <!-- Login -->
        <test-method signature="TS0019()[pri:0, instance:MasterTest.OrganizationTest@14dd7b39]" started-at="2026-01-17T16:26:22 IST" name="TS0019" finished-at="2026-01-17T16:26:36 IST" duration-ms="14590" status="FAIL">
          <exception class="org.openqa.selenium.NoSuchElementException">
            <message>
              <![CDATA[no such element: Unable to locate element: {"method":"xpath","selector":"//span[@id='select2-chosen-2']"}
  (Session info: chrome=143.0.7499.193)
For documentation on this error, please visit: https://www.selenium.dev/documentation/webdriver/troubleshooting/errors#no-such-element-exception
Build info: version: '4.27.0', revision: 'd6e718d134'
System info: os.name: 'Windows 10', os.arch: 'amd64', os.version: '10.0', java.version: '17.0.16'
Driver info: org.openqa.selenium.chrome.ChromeDriver
Command: [a6cebb1e4272c12aec8f2d127c211606, findElement {value=//span[@id='select2-chosen-2'], using=xpath}]
Capabilities {acceptInsecureCerts: false, browserName: chrome, browserVersion: 143.0.7499.193, chrome: {chromedriverVersion: 143.0.7499.192 (be2c1f4fd45..., userDataDir: C:\Users\test2\AppData\Loca...}, fedcm:accounts: true, goog:chromeOptions: {debuggerAddress: localhost:61201}, goog:processID: 23472, networkConnectionEnabled: false, pageLoadStrategy: normal, platformName: windows, proxy: Proxy(), se:cdp: ws://localhost:61201/devtoo..., se:cdpVersion: 143.0.7499.193, setWindowRect: true, strictFileInteractability: false, timeouts: {implicit: 0, pageLoad: 300000, script: 30000}, unhandledPromptBehavior: dismiss and notify, webauthn:extension:credBlob: true, webauthn:extension:largeBlob: true, webauthn:extension:minPinLength: true, webauthn:extension:prf: true, webauthn:virtualAuthenticators: true}
Session ID: a6cebb1e4272c12aec8f2d127c211606]]>
            </message>
            <full-stacktrace>
              <![CDATA[org.openqa.selenium.NoSuchElementException: no such element: Unable to locate element: {"method":"xpath","selector":"//span[@id='select2-chosen-2']"}
  (Session info: chrome=143.0.7499.193)
For documentation on this error, please visit: https://www.selenium.dev/documentation/webdriver/troubleshooting/errors#no-such-element-exception
Build info: version: '4.27.0', revision: 'd6e718d134'
System info: os.name: 'Windows 10', os.arch: 'amd64', os.version: '10.0', java.version: '17.0.16'
Driver info: org.openqa.selenium.chrome.ChromeDriver
Command: [a6cebb1e4272c12aec8f2d127c211606, findElement {value=//span[@id='select2-chosen-2'], using=xpath}]
Capabilities {acceptInsecureCerts: false, browserName: chrome, browserVersion: 143.0.7499.193, chrome: {chromedriverVersion: 143.0.7499.192 (be2c1f4fd45..., userDataDir: C:\Users\test2\AppData\Loca...}, fedcm:accounts: true, goog:chromeOptions: {debuggerAddress: localhost:61201}, goog:processID: 23472, networkConnectionEnabled: false, pageLoadStrategy: normal, platformName: windows, proxy: Proxy(), se:cdp: ws://localhost:61201/devtoo..., se:cdpVersion: 143.0.7499.193, setWindowRect: true, strictFileInteractability: false, timeouts: {implicit: 0, pageLoad: 300000, script: 30000}, unhandledPromptBehavior: dismiss and notify, webauthn:extension:credBlob: true, webauthn:extension:largeBlob: true, webauthn:extension:minPinLength: true, webauthn:extension:prf: true, webauthn:virtualAuthenticators: true}
Session ID: a6cebb1e4272c12aec8f2d127c211606
at java.base/jdk.internal.reflect.NativeConstructorAccessorImpl.newInstance0(Native Method)
at java.base/jdk.internal.reflect.NativeConstructorAccessorImpl.newInstance(NativeConstructorAccessorImpl.java:77)
at java.base/jdk.internal.reflect.DelegatingConstructorAccessorImpl.newInstance(DelegatingConstructorAccessorImpl.java:45)
at java.base/java.lang.reflect.Constructor.newInstanceWithCaller(Constructor.java:500)
at java.base/java.lang.reflect.Constructor.newInstance(Constructor.java:481)
at org.openqa.selenium.remote.ErrorCodec.decode(ErrorCodec.java:167)
at org.openqa.selenium.remote.codec.w3c.W3CHttpResponseCodec.decode(W3CHttpResponseCodec.java:138)
at org.openqa.selenium.remote.codec.w3c.W3CHttpResponseCodec.decode(W3CHttpResponseCodec.java:50)
at org.openqa.selenium.remote.HttpCommandExecutor.execute(HttpCommandExecutor.java:190)
at org.openqa.selenium.remote.service.DriverCommandExecutor.invokeExecute(DriverCommandExecutor.java:216)
at org.openqa.selenium.remote.service.DriverCommandExecutor.execute(DriverCommandExecutor.java:174)
at org.openqa.selenium.remote.RemoteWebDriver.execute(RemoteWebDriver.java:545)
at org.openqa.selenium.remote.ElementLocation$ElementFinder$2.findElement(ElementLocation.java:165)
at org.openqa.selenium.remote.ElementLocation.findElement(ElementLocation.java:59)
at org.openqa.selenium.remote.RemoteWebDriver.findElement(RemoteWebDriver.java:368)
at org.openqa.selenium.remote.RemoteWebDriver.findElement(RemoteWebDriver.java:362)
at org.openqa.selenium.support.pagefactory.DefaultElementLocator.findElement(DefaultElementLocator.java:68)
at org.openqa.selenium.support.pagefactory.internal.LocatingElementHandler.invoke(LocatingElementHandler.java:38)
at jdk.proxy2/jdk.proxy2.$Proxy28.getText(Unknown Source)
at MasterPage.OrganizationPage.viewOrg(OrganizationPage.java:261)
at MasterTest.OrganizationTest.TS0019(OrganizationTest.java:52)
at java.base/jdk.internal.reflect.NativeMethodAccessorImpl.invoke0(Native Method)
at java.base/jdk.internal.reflect.NativeMethodAccessorImpl.invoke(NativeMethodAccessorImpl.java:77)
at java.base/jdk.internal.reflect.DelegatingMethodAccessorImpl.invoke(DelegatingMethodAccessorImpl.java:43)
at java.base/java.lang.reflect.Method.invoke(Method.java:569)
at org.testng.internal.invokers.MethodInvocationHelper.invokeMethod(MethodInvocationHelper.java:141)
at org.testng.internal.invokers.TestInvoker.invokeMethod(TestInvoker.java:686)
at org.testng.internal.invokers.TestInvoker.invokeTestMethod(TestInvoker.java:230)
at org.testng.internal.invokers.MethodRunner.runInSequence(MethodRunner.java:63)
at org.testng.internal.invokers.TestInvoker$MethodInvocationAgent.invoke(TestInvoker.java:992)
at org.testng.internal.invokers.TestInvoker.invokeTestMethods(TestInvoker.java:203)
at org.testng.internal.invokers.TestMethodWorker.invokeTestMethods(TestMethodWorker.java:154)
at org.testng.internal.invokers.TestMethodWorker.run(TestMethodWorker.java:134)
at java.base/java.util.ArrayList.forEach(ArrayList.java:1511)
at org.testng.TestRunner.privateRun(TestRunner.java:739)
at org.testng.TestRunner.run(TestRunner.java:614)
at org.testng.SuiteRunner.runTest(SuiteRunner.java:421)
at org.testng.SuiteRunner.runSequentially(SuiteRunner.java:413)
at org.testng.SuiteRunner.privateRun(SuiteRunner.java:373)
at org.testng.SuiteRunner.run(SuiteRunner.java:312)
at org.testng.SuiteRunnerWorker.runSuite(SuiteRunnerWorker.java:52)
at org.testng.SuiteRunnerWorker.run(SuiteRunnerWorker.java:95)
at org.testng.TestNG.runSuitesSequentially(TestNG.java:1274)
at org.testng.TestNG.runSuitesLocally(TestNG.java:1208)
at org.testng.TestNG.runSuites(TestNG.java:1112)
at org.testng.TestNG.run(TestNG.java:1079)
at org.testng.remote.AbstractRemoteTestNG.run(AbstractRemoteTestNG.java:115)
at org.testng.remote.RemoteTestNG.initAndRun(RemoteTestNG.java:293)
at org.testng.remote.RemoteTestNG.main(RemoteTestNG.java:91)
]]>
            </full-stacktrace>
          </exception> <!-- org.openqa.selenium.NoSuchElementException -->
          <reporter-output>
          </reporter-output>
        </test-method> <!-- TS0019 -->
        <test-method is-config="true" signature="tearDown()[pri:0, instance:MasterTest.OrganizationTest@14dd7b39]" started-at="2026-01-17T16:26:36 IST" name="tearDown" finished-at="2026-01-17T16:26:37 IST" duration-ms="127" status="PASS">
          <reporter-output>
          </reporter-output>
        </test-method> <!-- tearDown -->
        <test-method is-config="true" signature="setup()[pri:0, instance:MasterTest.OrganizationTest@14dd7b39]" started-at="2026-01-17T16:26:37 IST" name="setup" finished-at="2026-01-17T16:26:38 IST" duration-ms="1290" status="PASS">
          <reporter-output>
          </reporter-output>
        </test-method> <!-- setup -->
        <test-method is-config="true" signature="Login()[pri:0, instance:MasterTest.OrganizationTest@14dd7b39]" started-at="2026-01-17T16:26:38 IST" name="Login" finished-at="2026-01-17T16:26:38 IST" duration-ms="189" status="PASS">
          <reporter-output>
          </reporter-output>
        </test-method> <!-- Login -->
        <test-method signature="TS0027()[pri:0, instance:MasterTest.OrganizationTest@14dd7b39]" started-at="2026-01-17T16:26:38 IST" name="TS0027" finished-at="2026-01-17T16:26:42 IST" duration-ms="3602" status="PASS">
          <reporter-output>
          </reporter-output>
        </test-method> <!-- TS0027 -->
        <test-method is-config="true" signature="tearDown()[pri:0, instance:MasterTest.OrganizationTest@14dd7b39]" started-at="2026-01-17T16:26:42 IST" name="tearDown" finished-at="2026-01-17T16:26:42 IST" duration-ms="164" status="PASS">
          <reporter-output>
          </reporter-output>
        </test-method> <!-- tearDown -->
      </class> <!-- MasterTest.OrganizationTest -->
      <class name="AdministrationTest.UserTest">
        <test-method is-config="true" signature="setup()[pri:0, instance:AdministrationTest.UserTest@475c9c31]" started-at="2026-01-17T16:24:33 IST" name="setup" finished-at="2026-01-17T16:24:34 IST" duration-ms="1224" status="PASS">
          <reporter-output>
          </reporter-output>
        </test-method> <!-- setup -->
        <test-method is-config="true" signature="Login()[pri:0, instance:AdministrationTest.UserTest@475c9c31]" started-at="2026-01-17T16:24:34 IST" name="Login" finished-at="2026-01-17T16:24:34 IST" duration-ms="310" status="PASS">
          <reporter-output>
          </reporter-output>
        </test-method> <!-- Login -->
        <test-method signature="TS0194()[pri:0, instance:AdministrationTest.UserTest@475c9c31]" started-at="2026-01-17T16:24:34 IST" name="TS0194" finished-at="2026-01-17T16:24:47 IST" duration-ms="12856" status="PASS">
          <reporter-output>
          </reporter-output>
        </test-method> <!-- TS0194 -->
        <test-method is-config="true" signature="tearDown()[pri:0, instance:AdministrationTest.UserTest@475c9c31]" started-at="2026-01-17T16:24:47 IST" name="tearDown" finished-at="2026-01-17T16:24:47 IST" duration-ms="152" status="PASS">
          <reporter-output>
          </reporter-output>
        </test-method> <!-- tearDown -->
        <test-method is-config="true" signature="setup()[pri:0, instance:AdministrationTest.UserTest@475c9c31]" started-at="2026-01-17T16:24:47 IST" name="setup" finished-at="2026-01-17T16:24:48 IST" duration-ms="1233" status="PASS">
          <reporter-output>
          </reporter-output>
        </test-method> <!-- setup -->
        <test-method is-config="true" signature="Login()[pri:0, instance:AdministrationTest.UserTest@475c9c31]" started-at="2026-01-17T16:24:48 IST" name="Login" finished-at="2026-01-17T16:24:49 IST" duration-ms="234" status="PASS">
          <reporter-output>
          </reporter-output>
        </test-method> <!-- Login -->
        <test-method signature="TS0195()[pri:0, instance:AdministrationTest.UserTest@475c9c31]" started-at="2026-01-17T16:24:49 IST" name="TS0195" finished-at="2026-01-17T16:25:02 IST" duration-ms="13573" status="PASS">
          <reporter-output>
          </reporter-output>
        </test-method> <!-- TS0195 -->
        <test-method is-config="true" signature="tearDown()[pri:0, instance:AdministrationTest.UserTest@475c9c31]" started-at="2026-01-17T16:25:02 IST" name="tearDown" finished-at="2026-01-17T16:25:02 IST" duration-ms="192" status="PASS">
          <reporter-output>
          </reporter-output>
        </test-method> <!-- tearDown -->
        <test-method is-config="true" signature="setup()[pri:0, instance:AdministrationTest.UserTest@475c9c31]" started-at="2026-01-17T16:25:02 IST" name="setup" finished-at="2026-01-17T16:25:04 IST" duration-ms="2052" status="PASS">
          <reporter-output>
          </reporter-output>
        </test-method> <!-- setup -->
        <test-method is-config="true" signature="Login()[pri:0, instance:AdministrationTest.UserTest@475c9c31]" started-at="2026-01-17T16:25:04 IST" name="Login" finished-at="2026-01-17T16:25:05 IST" duration-ms="172" status="PASS">
          <reporter-output>
          </reporter-output>
        </test-method> <!-- Login -->
        <test-method signature="TS0196()[pri:0, instance:AdministrationTest.UserTest@475c9c31]" started-at="2026-01-17T16:25:05 IST" name="TS0196" finished-at="2026-01-17T16:25:09 IST" duration-ms="4034" status="PASS">
          <reporter-output>
          </reporter-output>
        </test-method> <!-- TS0196 -->
        <test-method is-config="true" signature="tearDown()[pri:0, instance:AdministrationTest.UserTest@475c9c31]" started-at="2026-01-17T16:25:09 IST" name="tearDown" finished-at="2026-01-17T16:25:09 IST" duration-ms="186" status="PASS">
          <reporter-output>
          </reporter-output>
        </test-method> <!-- tearDown -->
        <test-method is-config="true" signature="setup()[pri:0, instance:AdministrationTest.UserTest@475c9c31]" started-at="2026-01-17T16:25:09 IST" name="setup" finished-at="2026-01-17T16:25:10 IST" duration-ms="1234" status="PASS">
          <reporter-output>
          </reporter-output>
        </test-method> <!-- setup -->
        <test-method is-config="true" signature="Login()[pri:0, instance:AdministrationTest.UserTest@475c9c31]" started-at="2026-01-17T16:25:10 IST" name="Login" finished-at="2026-01-17T16:25:10 IST" duration-ms="170" status="PASS">
          <reporter-output>
          </reporter-output>
        </test-method> <!-- Login -->
        <test-method signature="TS0197()[pri:0, instance:AdministrationTest.UserTest@475c9c31]" started-at="2026-01-17T16:25:10 IST" name="TS0197" finished-at="2026-01-17T16:25:17 IST" duration-ms="6729" status="FAIL">
          <exception class="org.openqa.selenium.ElementNotInteractableException">
            <message>
              <![CDATA[element not interactable
  (Session info: chrome=143.0.7499.193)
Build info: version: '4.27.0', revision: 'd6e718d134'
System info: os.name: 'Windows 10', os.arch: 'amd64', os.version: '10.0', java.version: '17.0.16'
Driver info: org.openqa.selenium.chrome.ChromeDriver
Command: [8f454b34470668e819bdbc6ba846a775, sendKeysToElement {id=f.922B74C219B0F0EA0E47E50F91F55CD4.d.F4D6E5CD43803B7A1F183580C12E82EB.e.66, value=[Ljava.lang.CharSequence;@251a90ce}]
Capabilities {acceptInsecureCerts: false, browserName: chrome, browserVersion: 143.0.7499.193, chrome: {chromedriverVersion: 143.0.7499.192 (be2c1f4fd45..., userDataDir: C:\Users\test2\AppData\Loca...}, fedcm:accounts: true, goog:chromeOptions: {debuggerAddress: localhost:60953}, goog:processID: 9972, networkConnectionEnabled: false, pageLoadStrategy: normal, platformName: windows, proxy: Proxy(), se:cdp: ws://localhost:60953/devtoo..., se:cdpVersion: 143.0.7499.193, setWindowRect: true, strictFileInteractability: false, timeouts: {implicit: 0, pageLoad: 300000, script: 30000}, unhandledPromptBehavior: dismiss and notify, webauthn:extension:credBlob: true, webauthn:extension:largeBlob: true, webauthn:extension:minPinLength: true, webauthn:extension:prf: true, webauthn:virtualAuthenticators: true}
Element: [[ChromeDriver: chrome on windows (8f454b34470668e819bdbc6ba846a775)] -> xpath: //input[@class='s-Serenity-QuickSearchInput s-QuickSearchInput']]
Session ID: 8f454b34470668e819bdbc6ba846a775]]>
            </message>
            <full-stacktrace>
              <![CDATA[org.openqa.selenium.ElementNotInteractableException: element not interactable
  (Session info: chrome=143.0.7499.193)
Build info: version: '4.27.0', revision: 'd6e718d134'
System info: os.name: 'Windows 10', os.arch: 'amd64', os.version: '10.0', java.version: '17.0.16'
Driver info: org.openqa.selenium.chrome.ChromeDriver
Command: [8f454b34470668e819bdbc6ba846a775, sendKeysToElement {id=f.922B74C219B0F0EA0E47E50F91F55CD4.d.F4D6E5CD43803B7A1F183580C12E82EB.e.66, value=[Ljava.lang.CharSequence;@251a90ce}]
Capabilities {acceptInsecureCerts: false, browserName: chrome, browserVersion: 143.0.7499.193, chrome: {chromedriverVersion: 143.0.7499.192 (be2c1f4fd45..., userDataDir: C:\Users\test2\AppData\Loca...}, fedcm:accounts: true, goog:chromeOptions: {debuggerAddress: localhost:60953}, goog:processID: 9972, networkConnectionEnabled: false, pageLoadStrategy: normal, platformName: windows, proxy: Proxy(), se:cdp: ws://localhost:60953/devtoo..., se:cdpVersion: 143.0.7499.193, setWindowRect: true, strictFileInteractability: false, timeouts: {implicit: 0, pageLoad: 300000, script: 30000}, unhandledPromptBehavior: dismiss and notify, webauthn:extension:credBlob: true, webauthn:extension:largeBlob: true, webauthn:extension:minPinLength: true, webauthn:extension:prf: true, webauthn:virtualAuthenticators: true}
Element: [[ChromeDriver: chrome on windows (8f454b34470668e819bdbc6ba846a775)] -> xpath: //input[@class='s-Serenity-QuickSearchInput s-QuickSearchInput']]
Session ID: 8f454b34470668e819bdbc6ba846a775
at java.base/jdk.internal.reflect.NativeConstructorAccessorImpl.newInstance0(Native Method)
at java.base/jdk.internal.reflect.NativeConstructorAccessorImpl.newInstance(NativeConstructorAccessorImpl.java:77)
at java.base/jdk.internal.reflect.DelegatingConstructorAccessorImpl.newInstance(DelegatingConstructorAccessorImpl.java:45)
at java.base/java.lang.reflect.Constructor.newInstanceWithCaller(Constructor.java:500)
at java.base/java.lang.reflect.Constructor.newInstance(Constructor.java:481)
at org.openqa.selenium.remote.ErrorCodec.decode(ErrorCodec.java:167)
at org.openqa.selenium.remote.codec.w3c.W3CHttpResponseCodec.decode(W3CHttpResponseCodec.java:138)
at org.openqa.selenium.remote.codec.w3c.W3CHttpResponseCodec.decode(W3CHttpResponseCodec.java:50)
at org.openqa.selenium.remote.HttpCommandExecutor.execute(HttpCommandExecutor.java:190)
at org.openqa.selenium.remote.service.DriverCommandExecutor.invokeExecute(DriverCommandExecutor.java:216)
at org.openqa.selenium.remote.service.DriverCommandExecutor.execute(DriverCommandExecutor.java:174)
at org.openqa.selenium.remote.RemoteWebDriver.execute(RemoteWebDriver.java:545)
at org.openqa.selenium.remote.RemoteWebElement.execute(RemoteWebElement.java:223)
at org.openqa.selenium.remote.RemoteWebElement.sendKeys(RemoteWebElement.java:110)
at jdk.internal.reflect.GeneratedMethodAccessor2.invoke(Unknown Source)
at java.base/jdk.internal.reflect.DelegatingMethodAccessorImpl.invoke(DelegatingMethodAccessorImpl.java:43)
at java.base/java.lang.reflect.Method.invoke(Method.java:569)
at org.openqa.selenium.support.pagefactory.internal.LocatingElementHandler.invoke(LocatingElementHandler.java:51)
at jdk.proxy2/jdk.proxy2.$Proxy28.sendKeys(Unknown Source)
at AdministrationPage.UserPage.updateUserForm(UserPage.java:280)
at AdministrationTest.UserTest.TS0197(UserTest.java:49)
at java.base/jdk.internal.reflect.NativeMethodAccessorImpl.invoke0(Native Method)
at java.base/jdk.internal.reflect.NativeMethodAccessorImpl.invoke(NativeMethodAccessorImpl.java:77)
at java.base/jdk.internal.reflect.DelegatingMethodAccessorImpl.invoke(DelegatingMethodAccessorImpl.java:43)
at java.base/java.lang.reflect.Method.invoke(Method.java:569)
at org.testng.internal.invokers.MethodInvocationHelper.invokeMethod(MethodInvocationHelper.java:141)
at org.testng.internal.invokers.TestInvoker.invokeMethod(TestInvoker.java:686)
at org.testng.internal.invokers.TestInvoker.invokeTestMethod(TestInvoker.java:230)
at org.testng.internal.invokers.MethodRunner.runInSequence(MethodRunner.java:63)
at org.testng.internal.invokers.TestInvoker$MethodInvocationAgent.invoke(TestInvoker.java:992)
at org.testng.internal.invokers.TestInvoker.invokeTestMethods(TestInvoker.java:203)
at org.testng.internal.invokers.TestMethodWorker.invokeTestMethods(TestMethodWorker.java:154)
at org.testng.internal.invokers.TestMethodWorker.run(TestMethodWorker.java:134)
at java.base/java.util.ArrayList.forEach(ArrayList.java:1511)
at org.testng.TestRunner.privateRun(TestRunner.java:739)
at org.testng.TestRunner.run(TestRunner.java:614)
at org.testng.SuiteRunner.runTest(SuiteRunner.java:421)
at org.testng.SuiteRunner.runSequentially(SuiteRunner.java:413)
at org.testng.SuiteRunner.privateRun(SuiteRunner.java:373)
at org.testng.SuiteRunner.run(SuiteRunner.java:312)
at org.testng.SuiteRunnerWorker.runSuite(SuiteRunnerWorker.java:52)
at org.testng.SuiteRunnerWorker.run(SuiteRunnerWorker.java:95)
at org.testng.TestNG.runSuitesSequentially(TestNG.java:1274)
at org.testng.TestNG.runSuitesLocally(TestNG.java:1208)
at org.testng.TestNG.runSuites(TestNG.java:1112)
at org.testng.TestNG.run(TestNG.java:1079)
at org.testng.remote.AbstractRemoteTestNG.run(AbstractRemoteTestNG.java:115)
at org.testng.remote.RemoteTestNG.initAndRun(RemoteTestNG.java:293)
at org.testng.remote.RemoteTestNG.main(RemoteTestNG.java:91)
]]>
            </full-stacktrace>
          </exception> <!-- org.openqa.selenium.ElementNotInteractableException -->
          <reporter-output>
          </reporter-output>
        </test-method> <!-- TS0197 -->
        <test-method is-config="true" signature="tearDown()[pri:0, instance:AdministrationTest.UserTest@475c9c31]" started-at="2026-01-17T16:25:17 IST" name="tearDown" finished-at="2026-01-17T16:25:17 IST" duration-ms="121" status="PASS">
          <reporter-output>
          </reporter-output>
        </test-method> <!-- tearDown -->
        <test-method is-config="true" signature="setup()[pri:0, instance:AdministrationTest.UserTest@475c9c31]" started-at="2026-01-17T16:25:17 IST" name="setup" finished-at="2026-01-17T16:25:18 IST" duration-ms="1236" status="PASS">
          <reporter-output>
          </reporter-output>
        </test-method> <!-- setup -->
        <test-method is-config="true" signature="Login()[pri:0, instance:AdministrationTest.UserTest@475c9c31]" started-at="2026-01-17T16:25:18 IST" name="Login" finished-at="2026-01-17T16:25:19 IST" duration-ms="186" status="PASS">
          <reporter-output>
          </reporter-output>
        </test-method> <!-- Login -->
        <test-method signature="TS0198()[pri:0, instance:AdministrationTest.UserTest@475c9c31]" started-at="2026-01-17T16:25:19 IST" name="TS0198" finished-at="2026-01-17T16:25:25 IST" duration-ms="6063" status="FAIL">
          <exception class="java.lang.AssertionError">
            <message>
              <![CDATA[User deletion failed expected [false] but found [true]]]>
            </message>
            <full-stacktrace>
              <![CDATA[java.lang.AssertionError: User deletion failed expected [false] but found [true]
at org.testng.Assert.fail(Assert.java:111)
at org.testng.Assert.failNotEquals(Assert.java:1578)
at org.testng.Assert.assertFalse(Assert.java:79)
at AdministrationPage.UserPage.DeleteUser(UserPage.java:331)
at AdministrationTest.UserTest.TS0198(UserTest.java:55)
at java.base/jdk.internal.reflect.NativeMethodAccessorImpl.invoke0(Native Method)
at java.base/jdk.internal.reflect.NativeMethodAccessorImpl.invoke(NativeMethodAccessorImpl.java:77)
at java.base/jdk.internal.reflect.DelegatingMethodAccessorImpl.invoke(DelegatingMethodAccessorImpl.java:43)
at java.base/java.lang.reflect.Method.invoke(Method.java:569)
at org.testng.internal.invokers.MethodInvocationHelper.invokeMethod(MethodInvocationHelper.java:141)
at org.testng.internal.invokers.TestInvoker.invokeMethod(TestInvoker.java:686)
at org.testng.internal.invokers.TestInvoker.invokeTestMethod(TestInvoker.java:230)
at org.testng.internal.invokers.MethodRunner.runInSequence(MethodRunner.java:63)
at org.testng.internal.invokers.TestInvoker$MethodInvocationAgent.invoke(TestInvoker.java:992)
at org.testng.internal.invokers.TestInvoker.invokeTestMethods(TestInvoker.java:203)
at org.testng.internal.invokers.TestMethodWorker.invokeTestMethods(TestMethodWorker.java:154)
at org.testng.internal.invokers.TestMethodWorker.run(TestMethodWorker.java:134)
at java.base/java.util.ArrayList.forEach(ArrayList.java:1511)
at org.testng.TestRunner.privateRun(TestRunner.java:739)
at org.testng.TestRunner.run(TestRunner.java:614)
at org.testng.SuiteRunner.runTest(SuiteRunner.java:421)
at org.testng.SuiteRunner.runSequentially(SuiteRunner.java:413)
at org.testng.SuiteRunner.privateRun(SuiteRunner.java:373)
at org.testng.SuiteRunner.run(SuiteRunner.java:312)
at org.testng.SuiteRunnerWorker.runSuite(SuiteRunnerWorker.java:52)
at org.testng.SuiteRunnerWorker.run(SuiteRunnerWorker.java:95)
at org.testng.TestNG.runSuitesSequentially(TestNG.java:1274)
at org.testng.TestNG.runSuitesLocally(TestNG.java:1208)
at org.testng.TestNG.runSuites(TestNG.java:1112)
at org.testng.TestNG.run(TestNG.java:1079)
at org.testng.remote.AbstractRemoteTestNG.run(AbstractRemoteTestNG.java:115)
at org.testng.remote.RemoteTestNG.initAndRun(RemoteTestNG.java:293)
at org.testng.remote.RemoteTestNG.main(RemoteTestNG.java:91)
]]>
            </full-stacktrace>
          </exception> <!-- java.lang.AssertionError -->
          <reporter-output>
          </reporter-output>
        </test-method> <!-- TS0198 -->
        <test-method is-config="true" signature="tearDown()[pri:0, instance:AdministrationTest.UserTest@475c9c31]" started-at="2026-01-17T16:25:25 IST" name="tearDown" finished-at="2026-01-17T16:25:25 IST" duration-ms="133" status="PASS">
          <reporter-output>
          </reporter-output>
        </test-method> <!-- tearDown -->
      </class> <!-- AdministrationTest.UserTest -->
      <class name="MasterTest.DivisionTest">
        <test-method is-config="true" signature="setup()[pri:0, instance:MasterTest.DivisionTest@46d59067]" started-at="2026-01-17T16:25:31 IST" name="setup" finished-at="2026-01-17T16:25:32 IST" duration-ms="1253" status="PASS">
          <reporter-output>
          </reporter-output>
        </test-method> <!-- setup -->
        <test-method is-config="true" signature="Login()[pri:0, instance:MasterTest.DivisionTest@46d59067]" started-at="2026-01-17T16:25:32 IST" name="Login" finished-at="2026-01-17T16:25:32 IST" duration-ms="186" status="PASS">
          <reporter-output>
          </reporter-output>
        </test-method> <!-- Login -->
        <test-method signature="TS0031()[pri:0, instance:MasterTest.DivisionTest@46d59067]" started-at="2026-01-17T16:25:32 IST" name="TS0031" finished-at="2026-01-17T16:25:39 IST" duration-ms="6961" status="FAIL">
          <exception class="java.lang.AssertionError">
            <message>
              <![CDATA[expected [true] but found [false]]]>
            </message>
            <full-stacktrace>
              <![CDATA[java.lang.AssertionError: expected [true] but found [false]
at org.testng.Assert.fail(Assert.java:111)
at org.testng.Assert.failNotEquals(Assert.java:1578)
at org.testng.Assert.assertTrue(Assert.java:57)
at org.testng.Assert.assertTrue(Assert.java:67)
at MasterPage.DivisionPage.AddDivision(DivisionPage.java:145)
at MasterTest.DivisionTest.TS0031(DivisionTest.java:40)
at java.base/jdk.internal.reflect.NativeMethodAccessorImpl.invoke0(Native Method)
at java.base/jdk.internal.reflect.NativeMethodAccessorImpl.invoke(NativeMethodAccessorImpl.java:77)
at java.base/jdk.internal.reflect.DelegatingMethodAccessorImpl.invoke(DelegatingMethodAccessorImpl.java:43)
at java.base/java.lang.reflect.Method.invoke(Method.java:569)
at org.testng.internal.invokers.MethodInvocationHelper.invokeMethod(MethodInvocationHelper.java:141)
at org.testng.internal.invokers.TestInvoker.invokeMethod(TestInvoker.java:686)
at org.testng.internal.invokers.TestInvoker.invokeTestMethod(TestInvoker.java:230)
at org.testng.internal.invokers.MethodRunner.runInSequence(MethodRunner.java:63)
at org.testng.internal.invokers.TestInvoker$MethodInvocationAgent.invoke(TestInvoker.java:992)
at org.testng.internal.invokers.TestInvoker.invokeTestMethods(TestInvoker.java:203)
at org.testng.internal.invokers.TestMethodWorker.invokeTestMethods(TestMethodWorker.java:154)
at org.testng.internal.invokers.TestMethodWorker.run(TestMethodWorker.java:134)
at java.base/java.util.ArrayList.forEach(ArrayList.java:1511)
at org.testng.TestRunner.privateRun(TestRunner.java:739)
at org.testng.TestRunner.run(TestRunner.java:614)
at org.testng.SuiteRunner.runTest(SuiteRunner.java:421)
at org.testng.SuiteRunner.runSequentially(SuiteRunner.java:413)
at org.testng.SuiteRunner.privateRun(SuiteRunner.java:373)
at org.testng.SuiteRunner.run(SuiteRunner.java:312)
at org.testng.SuiteRunnerWorker.runSuite(SuiteRunnerWorker.java:52)
at org.testng.SuiteRunnerWorker.run(SuiteRunnerWorker.java:95)
at org.testng.TestNG.runSuitesSequentially(TestNG.java:1274)
at org.testng.TestNG.runSuitesLocally(TestNG.java:1208)
at org.testng.TestNG.runSuites(TestNG.java:1112)
at org.testng.TestNG.run(TestNG.java:1079)
at org.testng.remote.AbstractRemoteTestNG.run(AbstractRemoteTestNG.java:115)
at org.testng.remote.RemoteTestNG.initAndRun(RemoteTestNG.java:293)
at org.testng.remote.RemoteTestNG.main(RemoteTestNG.java:91)
]]>
            </full-stacktrace>
          </exception> <!-- java.lang.AssertionError -->
          <reporter-output>
          </reporter-output>
        </test-method> <!-- TS0031 -->
        <test-method is-config="true" signature="tearDown()[pri:0, instance:MasterTest.DivisionTest@46d59067]" started-at="2026-01-17T16:25:39 IST" name="tearDown" finished-at="2026-01-17T16:25:40 IST" duration-ms="128" status="PASS">
          <reporter-output>
          </reporter-output>
        </test-method> <!-- tearDown -->
        <test-method is-config="true" signature="setup()[pri:0, instance:MasterTest.DivisionTest@46d59067]" started-at="2026-01-17T16:25:40 IST" name="setup" finished-at="2026-01-17T16:25:41 IST" duration-ms="1195" status="PASS">
          <reporter-output>
          </reporter-output>
        </test-method> <!-- setup -->
        <test-method is-config="true" signature="Login()[pri:0, instance:MasterTest.DivisionTest@46d59067]" started-at="2026-01-17T16:25:41 IST" name="Login" finished-at="2026-01-17T16:25:41 IST" duration-ms="176" status="PASS">
          <reporter-output>
          </reporter-output>
        </test-method> <!-- Login -->
        <test-method signature="TS0032()[pri:0, instance:MasterTest.DivisionTest@46d59067]" started-at="2026-01-17T16:25:41 IST" name="TS0032" finished-at="2026-01-17T16:25:46 IST" duration-ms="4689" status="PASS">
          <reporter-output>
          </reporter-output>
        </test-method> <!-- TS0032 -->
        <test-method is-config="true" signature="tearDown()[pri:0, instance:MasterTest.DivisionTest@46d59067]" started-at="2026-01-17T16:25:46 IST" name="tearDown" finished-at="2026-01-17T16:25:46 IST" duration-ms="113" status="PASS">
          <reporter-output>
          </reporter-output>
        </test-method> <!-- tearDown -->
        <test-method is-config="true" signature="setup()[pri:0, instance:MasterTest.DivisionTest@46d59067]" started-at="2026-01-17T16:25:46 IST" name="setup" finished-at="2026-01-17T16:25:47 IST" duration-ms="1214" status="PASS">
          <reporter-output>
          </reporter-output>
        </test-method> <!-- setup -->
        <test-method is-config="true" signature="Login()[pri:0, instance:MasterTest.DivisionTest@46d59067]" started-at="2026-01-17T16:25:47 IST" name="Login" finished-at="2026-01-17T16:25:47 IST" duration-ms="250" status="PASS">
          <reporter-output>
          </reporter-output>
        </test-method> <!-- Login -->
        <test-method signature="TS0033()[pri:0, instance:MasterTest.DivisionTest@46d59067]" started-at="2026-01-17T16:25:47 IST" name="TS0033" finished-at="2026-01-17T16:25:52 IST" duration-ms="5273" status="PASS">
          <reporter-output>
          </reporter-output>
        </test-method> <!-- TS0033 -->
        <test-method is-config="true" signature="tearDown()[pri:0, instance:MasterTest.DivisionTest@46d59067]" started-at="2026-01-17T16:25:52 IST" name="tearDown" finished-at="2026-01-17T16:25:53 IST" duration-ms="151" status="PASS">
          <reporter-output>
          </reporter-output>
        </test-method> <!-- tearDown -->
        <test-method is-config="true" signature="setup()[pri:0, instance:MasterTest.DivisionTest@46d59067]" started-at="2026-01-17T16:25:53 IST" name="setup" finished-at="2026-01-17T16:25:54 IST" duration-ms="1258" status="PASS">
          <reporter-output>
          </reporter-output>
        </test-method> <!-- setup -->
        <test-method is-config="true" signature="Login()[pri:0, instance:MasterTest.DivisionTest@46d59067]" started-at="2026-01-17T16:25:54 IST" name="Login" finished-at="2026-01-17T16:25:54 IST" duration-ms="194" status="PASS">
          <reporter-output>
          </reporter-output>
        </test-method> <!-- Login -->
        <test-method signature="TS0034()[pri:0, instance:MasterTest.DivisionTest@46d59067]" started-at="2026-01-17T16:25:54 IST" name="TS0034" finished-at="2026-01-17T16:26:05 IST" duration-ms="11365" status="PASS">
          <reporter-output>
          </reporter-output>
        </test-method> <!-- TS0034 -->
        <test-method is-config="true" signature="tearDown()[pri:0, instance:MasterTest.DivisionTest@46d59067]" started-at="2026-01-17T16:26:05 IST" name="tearDown" finished-at="2026-01-17T16:26:06 IST" duration-ms="231" status="PASS">
          <reporter-output>
          </reporter-output>
        </test-method> <!-- tearDown -->
        <test-method is-config="true" signature="setup()[pri:0, instance:MasterTest.DivisionTest@46d59067]" started-at="2026-01-17T16:26:06 IST" name="setup" finished-at="2026-01-17T16:26:07 IST" duration-ms="1257" status="PASS">
          <reporter-output>
          </reporter-output>
        </test-method> <!-- setup -->
        <test-method is-config="true" signature="Login()[pri:0, instance:MasterTest.DivisionTest@46d59067]" started-at="2026-01-17T16:26:07 IST" name="Login" finished-at="2026-01-17T16:26:07 IST" duration-ms="193" status="PASS">
          <reporter-output>
          </reporter-output>
        </test-method> <!-- Login -->
        <test-method signature="TS0035()[pri:0, instance:MasterTest.DivisionTest@46d59067]" started-at="2026-01-17T16:26:07 IST" name="TS0035" finished-at="2026-01-17T16:26:19 IST" duration-ms="11563" status="PASS">
          <reporter-output>
          </reporter-output>
        </test-method> <!-- TS0035 -->
        <test-method is-config="true" signature="tearDown()[pri:0, instance:MasterTest.DivisionTest@46d59067]" started-at="2026-01-17T16:26:19 IST" name="tearDown" finished-at="2026-01-17T16:26:20 IST" duration-ms="1676" status="PASS">
          <reporter-output>
          </reporter-output>
        </test-method> <!-- tearDown -->
      </class> <!-- MasterTest.DivisionTest -->
    </test> <!-- Run All regression Tests -->
  </suite> <!-- regression Test Suite -->
</testng-results>
