<?xml version="1.0" encoding="UTF-8"?>
<testng-results ignored="0" total="1" passed="1" failed="0" skipped="0">
  <reporter-output>
  </reporter-output>
  <suite started-at="2025-12-29T17:04:36 IST" name="Default suite" finished-at="2025-12-29T17:04:42 IST" duration-ms="6502">
    <groups>
      <group name="Master">
        <method signature="UserTest.TS0196()[pri:3, instance:AdministrationTest.UserTest@1c5920df]" name="TS0196" class="AdministrationTest.UserTest"/>
      </group> <!-- Master -->
    </groups>
    <test started-at="2025-12-29T17:04:36 IST" name="Default test" finished-at="2025-12-29T17:04:42 IST" duration-ms="6502">
      <class name="AdministrationTest.UserTest">
        <test-method is-config="true" signature="Login()[pri:0, instance:AdministrationTest.UserTest@1c5920df]" started-at="2025-12-29T17:04:36 IST" name="Login" finished-at="2025-12-29T17:04:38 IST" duration-ms="2339" status="PASS">
          <reporter-output>
          </reporter-output>
        </test-method> <!-- Login -->
        <test-method signature="TS0196()[pri:3, instance:AdministrationTest.UserTest@1c5920df]" started-at="2025-12-29T17:04:38 IST" name="TS0196" finished-at="2025-12-29T17:04:42 IST" duration-ms="3943" status="PASS">
          <reporter-output>
          </reporter-output>
        </test-method> <!-- TS0196 -->
        <test-method is-config="true" signature="teardown()[pri:0, instance:AdministrationTest.UserTest@1c5920df]" started-at="2025-12-29T17:04:42 IST" name="teardown" finished-at="2025-12-29T17:04:42 IST" duration-ms="176" status="PASS">
          <reporter-output>
          </reporter-output>
        </test-method> <!-- teardown -->
      </class> <!-- AdministrationTest.UserTest -->
    </test> <!-- Default test -->
  </suite> <!-- Default suite -->
</testng-results>
