<?xml version="1.0" encoding="UTF-8"?>
<!-- Generated by org.testng.reporters.JUnitReportReporter -->
<testsuite hostname="PriyaP-PC" failures="0" tests="6" name="ReportsTestCases.EmployeeReportTest" time="57.714" errors="0" timestamp="2026-01-09T16:26:05 IST" skipped="0">
  <testcase classname="ReportsTestCases.EmployeeReportTest" name="TS0114" time="7.183"/>
  <testcase classname="ReportsTestCases.EmployeeReportTest" name="TS0109" time="14.362"/>
  <testcase classname="ReportsTestCases.EmployeeReportTest" name="TS0113" time="7.268"/>
  <testcase classname="ReportsTestCases.EmployeeReportTest" name="TS0112" time="7.328"/>
  <testcase classname="ReportsTestCases.EmployeeReportTest" name="TS0110" time="14.163"/>
  <testcase classname="ReportsTestCases.EmployeeReportTest" name="TS0115" time="7.410"/>
</testsuite> <!-- ReportsTestCases.EmployeeReportTest -->
