<?xml version="1.0" encoding="UTF-8"?>
<!-- Generated by org.testng.reporters.JUnitReportReporter -->
<testsuite hostname="PriyaP-PC" failures="0" tests="4" name="ReportsTestCases.DepartmentReportTest" time="47.899" errors="0" timestamp="2026-01-09T15:55:02 IST" skipped="0">
  <testcase classname="ReportsTestCases.DepartmentReportTest" name="TS0103" time="7.304"/>
  <testcase classname="ReportsTestCases.DepartmentReportTest" name="TS0102" time="10.183"/>
  <testcase classname="ReportsTestCases.DepartmentReportTest" name="TS0100" time="14.384"/>
  <testcase classname="ReportsTestCases.DepartmentReportTest" name="TS0101" time="16.028"/>
</testsuite> <!-- ReportsTestCases.DepartmentReportTest -->
