<?xml version="1.0" encoding="UTF-8"?>
<!-- Generated by org.testng.reporters.JUnitReportReporter -->
<testsuite hostname="PriyaP-PC" failures="0" tests="3" name="MasterTest.StateTest" time="13.575" errors="0" timestamp="2026-01-17T15:41:10 IST" skipped="0">
  <testcase classname="MasterTest.StateTest" name="TS0075" time="5.345"/>
  <testcase classname="MasterTest.StateTest" name="TS0077" time="5.014"/>
  <testcase classname="MasterTest.StateTest" name="TS0073" time="3.216"/>
</testsuite> <!-- MasterTest.StateTest -->
