<?xml version="1.0" encoding="UTF-8"?>
<!-- Generated by org.testng.reporters.JUnitReportReporter -->
<testsuite hostname="PriyaP-PC" failures="0" tests="3" name="ReportsTestCases.DesignationReportTest" time="52.977" errors="0" timestamp="2026-01-07T17:17:36 IST" skipped="0">
  <testcase classname="ReportsTestCases.DesignationReportTest" name="TS0096" time="25.987"/>
  <testcase classname="ReportsTestCases.DesignationReportTest" name="TS0097" time="15.259"/>
  <testcase classname="ReportsTestCases.DesignationReportTest" name="TS0095" time="11.731"/>
</testsuite> <!-- ReportsTestCases.DesignationReportTest -->
