<?xml version="1.0" encoding="UTF-8"?>
<!-- Generated by org.testng.reporters.JUnitReportReporter -->
<testsuite hostname="PriyaP-PC" failures="0" tests="7" name="ReportsTestCases.EmployeeActiveStatusTest" time="42.058" errors="0" timestamp="2026-01-09T16:01:15 IST" skipped="0">
  <testcase classname="ReportsTestCases.EmployeeActiveStatusTest" name="TS0133" time="8.422"/>
  <testcase classname="ReportsTestCases.EmployeeActiveStatusTest" name="TS0128" time="5.269"/>
  <testcase classname="ReportsTestCases.EmployeeActiveStatusTest" name="TS0130" time="6.453"/>
  <testcase classname="ReportsTestCases.EmployeeActiveStatusTest" name="TS0127" time="4.617"/>
  <testcase classname="ReportsTestCases.EmployeeActiveStatusTest" name="TS0132" time="6.297"/>
  <testcase classname="ReportsTestCases.EmployeeActiveStatusTest" name="TS0129" time="4.581"/>
  <testcase classname="ReportsTestCases.EmployeeActiveStatusTest" name="TS0131" time="6.419"/>
</testsuite> <!-- ReportsTestCases.EmployeeActiveStatusTest -->
