<?xml version="1.0" encoding="UTF-8"?>
<!-- Generated by org.testng.reporters.JUnitReportReporter -->
<testsuite hostname="PriyaP-PC" failures="0" tests="2" name="ReportsTestCases.TransactionalEventTest" time="31.760" errors="0" timestamp="2026-01-09T16:34:41 IST" skipped="0">
  <testcase classname="ReportsTestCases.TransactionalEventTest" name="TS0157" time="16.494"/>
  <testcase classname="ReportsTestCases.TransactionalEventTest" name="TS0158" time="15.266"/>
</testsuite> <!-- ReportsTestCases.TransactionalEventTest -->
