<?xml version="1.0" encoding="UTF-8"?>
<!-- Generated by org.testng.reporters.JUnitReportReporter -->
<testsuite hostname="PriyaP-PC" failures="0" tests="3" name="ReportsTestCases.DivisionReportTest" time="38.960" errors="0" timestamp="2026-01-09T15:58:59 IST" skipped="0">
  <testcase classname="ReportsTestCases.DivisionReportTest" name="TS0106" time="14.236"/>
  <testcase classname="ReportsTestCases.DivisionReportTest" name="TS0107" time="9.317"/>
  <testcase classname="ReportsTestCases.DivisionReportTest" name="TS0105" time="15.407"/>
</testsuite> <!-- ReportsTestCases.DivisionReportTest -->
