<?xml version="1.0" encoding="UTF-8"?>
<!-- Generated by org.testng.reporters.JUnitReportReporter -->
<testsuite hostname="PriyaP-PC" failures="0" tests="4" name="ReportsTestCases.OrganizationReportTest" time="43.677" errors="0" timestamp="2026-01-09T16:27:52 IST" skipped="0">
  <testcase classname="ReportsTestCases.OrganizationReportTest" name="TS0092" time="13.004"/>
  <testcase classname="ReportsTestCases.OrganizationReportTest" name="TS0090" time="7.256"/>
  <testcase classname="ReportsTestCases.OrganizationReportTest" name="ReportOrganization" time="10.462"/>
  <testcase classname="ReportsTestCases.OrganizationReportTest" name="TS0091" time="12.955"/>
</testsuite> <!-- ReportsTestCases.OrganizationReportTest -->
