<?xml version="1.0" encoding="UTF-8"?>
<!-- Generated by org.testng.reporters.JUnitReportReporter -->
<testsuite hostname="PriyaP-PC" failures="0" tests="7" name="ReportsTestCases.EmployeeEntityAccessTest" time="66.538" errors="0" timestamp="2026-01-09T16:15:00 IST" skipped="0">
  <testcase classname="ReportsTestCases.EmployeeEntityAccessTest" name="TS0141" time="6.282"/>
  <testcase classname="ReportsTestCases.EmployeeEntityAccessTest" name="TS0136" time="14.615"/>
  <testcase classname="ReportsTestCases.EmployeeEntityAccessTest" name="TS0137" time="17.603"/>
  <testcase classname="ReportsTestCases.EmployeeEntityAccessTest" name="TS0138" time="8.164"/>
  <testcase classname="ReportsTestCases.EmployeeEntityAccessTest" name="TS0140" time="6.201"/>
  <testcase classname="ReportsTestCases.EmployeeEntityAccessTest" name="TS0142" time="6.163"/>
  <testcase classname="ReportsTestCases.EmployeeEntityAccessTest" name="TS0139" time="7.510"/>
</testsuite> <!-- ReportsTestCases.EmployeeEntityAccessTest -->
