<?xml version="1.0" encoding="UTF-8"?>
<!-- Generated by org.testng.reporters.JUnitReportReporter -->
<testsuite hostname="PriyaP-PC" failures="0" tests="8" name="ReportsTestCases.CardPoolReportTest" time="79.114" errors="0" timestamp="2026-01-17T14:12:30 IST" skipped="0">
  <testcase classname="ReportsTestCases.CardPoolReportTest" name="TS0123" time="7.853"/>
  <testcase classname="ReportsTestCases.CardPoolReportTest" name="TS0125" time="13.865"/>
  <testcase classname="ReportsTestCases.CardPoolReportTest" name="TS0122" time="7.866"/>
  <testcase classname="ReportsTestCases.CardPoolReportTest" name="TS0120" time="7.948"/>
  <testcase classname="ReportsTestCases.CardPoolReportTest" name="TS0118" time="10.853"/>
  <testcase classname="ReportsTestCases.CardPoolReportTest" name="TS0126" time="14.307"/>
  <testcase classname="ReportsTestCases.CardPoolReportTest" name="TS0121" time="8.521"/>
  <testcase classname="ReportsTestCases.CardPoolReportTest" name="TS0119" time="7.901"/>
</testsuite> <!-- ReportsTestCases.CardPoolReportTest -->
