<?xml version="1.0" encoding="UTF-8"?>
<!-- Generated by org.testng.reporters.JUnitReportReporter -->
<testsuite hostname="PriyaP-PC" failures="0" tests="3" name="MasterTest.LocationTest" time="16.974" errors="0" timestamp="2026-01-17T15:41:10 IST" skipped="0">
  <testcase classname="MasterTest.LocationTest" name="TS0010" time="11.030"/>
  <testcase classname="MasterTest.LocationTest" name="TS0016" time="2.804"/>
  <testcase classname="MasterTest.LocationTest" name="TS0002" time="3.140"/>
</testsuite> <!-- MasterTest.LocationTest -->
