<?xml version="1.0" encoding="UTF-8"?>
<!-- Generated by org.testng.reporters.JUnitReportReporter -->
<testsuite hostname="PriyaP-PC" failures="0" tests="8" name="ReportsTestCases.CardPoolReportTest" time="83.401" errors="0" timestamp="2026-01-09T15:52:00 IST" skipped="0">
  <testcase classname="ReportsTestCases.CardPoolReportTest" name="TS0121" time="9.432"/>
  <testcase classname="ReportsTestCases.CardPoolReportTest" name="TS0122" time="8.727"/>
  <testcase classname="ReportsTestCases.CardPoolReportTest" name="TS0126" time="15.760"/>
  <testcase classname="ReportsTestCases.CardPoolReportTest" name="TS0125" time="14.271"/>
  <testcase classname="ReportsTestCases.CardPoolReportTest" name="TS0120" time="8.507"/>
  <testcase classname="ReportsTestCases.CardPoolReportTest" name="TS0123" time="8.788"/>
  <testcase classname="ReportsTestCases.CardPoolReportTest" name="TS0119" time="8.391"/>
  <testcase classname="ReportsTestCases.CardPoolReportTest" name="TS0118" time="9.525"/>
</testsuite> <!-- ReportsTestCases.CardPoolReportTest -->
